{"/home/sankmy/Desktop/skyflow-node/src/errors/Messages.js": {"path":"/home/sankmy/Desktop/skyflow-node/src/errors/Messages.js","statementMap":{"0":{"start":{"line":1,"column":29},"end":{"line":8,"column":1}}},"fnMap":{},"branchMap":{},"s":{"0":1},"f":{},"b":{},"_coverageSchema":"1a1c01bbd47fc00a2c39e90264f33305004495a9","hash":"f04cd6f1a2ee77c1efaca104bd09ef18838230ff"}
,"/home/sankmy/Desktop/skyflow-node/src/service-account/util/Token.js": {"path":"/home/sankmy/Desktop/skyflow-node/src/service-account/util/Token.js","statementMap":{"0":{"start":{"line":7,"column":2},"end":{"line":68,"column":5}},"1":{"start":{"line":10,"column":4},"end":{"line":12,"column":5}},"2":{"start":{"line":11,"column":6},"end":{"line":11,"column":41}},"3":{"start":{"line":13,"column":4},"end":{"line":13,"column":63}},"4":{"start":{"line":15,"column":4},"end":{"line":19,"column":5}},"5":{"start":{"line":16,"column":6},"end":{"line":16,"column":30}},"6":{"start":{"line":18,"column":6},"end":{"line":18,"column":42}},"7":{"start":{"line":21,"column":27},"end":{"line":21,"column":50}},"8":{"start":{"line":23,"column":23},"end":{"line":23,"column":57}},"9":{"start":{"line":25,"column":19},"end":{"line":31,"column":5}},"10":{"start":{"line":33,"column":4},"end":{"line":35,"column":5}},"11":{"start":{"line":34,"column":6},"end":{"line":34,"column":45}},"12":{"start":{"line":36,"column":4},"end":{"line":38,"column":5}},"13":{"start":{"line":37,"column":6},"end":{"line":37,"column":42}},"14":{"start":{"line":39,"column":4},"end":{"line":41,"column":5}},"15":{"start":{"line":40,"column":6},"end":{"line":40,"column":45}},"16":{"start":{"line":43,"column":4},"end":{"line":45,"column":5}},"17":{"start":{"line":44,"column":6},"end":{"line":44,"column":47}},"18":{"start":{"line":47,"column":23},"end":{"line":47,"column":65}},"19":{"start":{"line":49,"column":22},"end":{"line":49,"column":74}},"20":{"start":{"line":51,"column":4},"end":{"line":67,"column":9}},"21":{"start":{"line":60,"column":8},"end":{"line":63,"column":11}},"22":{"start":{"line":66,"column":8},"end":{"line":66,"column":20}}},"fnMap":{"0":{"name":"GenerateToken","decl":{"start":{"line":6,"column":9},"end":{"line":6,"column":22}},"loc":{"start":{"line":6,"column":44},"end":{"line":69,"column":1}},"line":6},"1":{"name":"(anonymous_1)","decl":{"start":{"line":7,"column":21},"end":{"line":7,"column":22}},"loc":{"start":{"line":7,"column":42},"end":{"line":68,"column":3}},"line":7},"2":{"name":"(anonymous_2)","decl":{"start":{"line":59,"column":12},"end":{"line":59,"column":13}},"loc":{"start":{"line":59,"column":21},"end":{"line":64,"column":7}},"line":59},"3":{"name":"(anonymous_3)","decl":{"start":{"line":65,"column":13},"end":{"line":65,"column":14}},"loc":{"start":{"line":65,"column":22},"end":{"line":67,"column":7}},"line":65}},"branchMap":{"0":{"loc":{"start":{"line":10,"column":4},"end":{"line":12,"column":5}},"type":"if","locations":[{"start":{"line":10,"column":4},"end":{"line":12,"column":5}},{"start":{},"end":{}}],"line":10},"1":{"loc":{"start":{"line":33,"column":4},"end":{"line":35,"column":5}},"type":"if","locations":[{"start":{"line":33,"column":4},"end":{"line":35,"column":5}},{"start":{},"end":{}}],"line":33},"2":{"loc":{"start":{"line":36,"column":4},"end":{"line":38,"column":5}},"type":"if","locations":[{"start":{"line":36,"column":4},"end":{"line":38,"column":5}},{"start":{},"end":{}}],"line":36},"3":{"loc":{"start":{"line":39,"column":4},"end":{"line":41,"column":5}},"type":"if","locations":[{"start":{"line":39,"column":4},"end":{"line":41,"column":5}},{"start":{},"end":{}}],"line":39},"4":{"loc":{"start":{"line":43,"column":4},"end":{"line":45,"column":5}},"type":"if","locations":[{"start":{"line":43,"column":4},"end":{"line":45,"column":5}},{"start":{},"end":{}}],"line":43}},"s":{"0":1,"1":1,"2":0,"3":1,"4":1,"5":1,"6":0,"7":1,"8":1,"9":1,"10":1,"11":1,"12":1,"13":1,"14":1,"15":1,"16":1,"17":1,"18":1,"19":0,"20":0,"21":0,"22":0},"f":{"0":1,"1":1,"2":0,"3":0},"b":{"0":[0,1],"1":[1,0],"2":[1,0],"3":[1,0],"4":[1,0]},"_coverageSchema":"1a1c01bbd47fc00a2c39e90264f33305004495a9","hash":"d5ba4fdf8f0bce94c995e0937174a1b2a76c498d"}
,"/home/sankmy/Desktop/skyflow-node/src/vault-api/PureJsController.ts": {"path":"/home/sankmy/Desktop/skyflow-node/src/vault-api/PureJsController.ts","statementMap":{"0":{"start":{"line":38,"column":4},"end":{"line":38,"column":26}},"1":{"start":{"line":39,"column":4},"end":{"line":39,"column":28}},"2":{"start":{"line":40,"column":4},"end":{"line":41,"column":30}},"3":{"start":{"line":46,"column":6},"end":{"line":74,"column":9}},"4":{"start":{"line":47,"column":8},"end":{"line":73,"column":9}},"5":{"start":{"line":48,"column":10},"end":{"line":49,"column":36}},"6":{"start":{"line":51,"column":10},"end":{"line":51,"column":51}},"7":{"start":{"line":52,"column":10},"end":{"line":65,"column":12}},"8":{"start":{"line":55,"column":14},"end":{"line":56,"column":40}},"9":{"start":{"line":57,"column":14},"end":{"line":57,"column":38}},"10":{"start":{"line":60,"column":14},"end":{"line":61,"column":40}},"11":{"start":{"line":63,"column":14},"end":{"line":63,"column":48}},"12":{"start":{"line":67,"column":10},"end":{"line":68,"column":53}},"13":{"start":{"line":70,"column":10},"end":{"line":71,"column":73}},"14":{"start":{"line":71,"column":10},"end":{"line":71,"column":73}},"15":{"start":{"line":72,"column":10},"end":{"line":72,"column":20}},"16":{"start":{"line":78,"column":6},"end":{"line":104,"column":9}},"17":{"start":{"line":79,"column":8},"end":{"line":103,"column":9}},"18":{"start":{"line":80,"column":10},"end":{"line":81,"column":36}},"19":{"start":{"line":83,"column":10},"end":{"line":83,"column":41}},"20":{"start":{"line":85,"column":10},"end":{"line":96,"column":13}},"21":{"start":{"line":87,"column":12},"end":{"line":88,"column":38}},"22":{"start":{"line":90,"column":12},"end":{"line":90,"column":28}},"23":{"start":{"line":93,"column":12},"end":{"line":94,"column":38}},"24":{"start":{"line":95,"column":12},"end":{"line":95,"column":30}},"25":{"start":{"line":97,"column":10},"end":{"line":98,"column":53}},"26":{"start":{"line":100,"column":10},"end":{"line":101,"column":73}},"27":{"start":{"line":101,"column":10},"end":{"line":101,"column":73}},"28":{"start":{"line":102,"column":10},"end":{"line":102,"column":20}},"29":{"start":{"line":108,"column":6},"end":{"line":142,"column":9}},"30":{"start":{"line":109,"column":8},"end":{"line":141,"column":9}},"31":{"start":{"line":110,"column":10},"end":{"line":111,"column":36}},"32":{"start":{"line":113,"column":10},"end":{"line":113,"column":45}},"33":{"start":{"line":115,"column":10},"end":{"line":131,"column":12}},"34":{"start":{"line":120,"column":14},"end":{"line":121,"column":40}},"35":{"start":{"line":123,"column":14},"end":{"line":123,"column":38}},"36":{"start":{"line":126,"column":14},"end":{"line":127,"column":40}},"37":{"start":{"line":129,"column":14},"end":{"line":129,"column":48}},"38":{"start":{"line":133,"column":10},"end":{"line":135,"column":51}},"39":{"start":{"line":137,"column":10},"end":{"line":138,"column":73}},"40":{"start":{"line":138,"column":10},"end":{"line":138,"column":73}},"41":{"start":{"line":140,"column":10},"end":{"line":140,"column":20}},"42":{"start":{"line":146,"column":6},"end":{"line":176,"column":9}},"43":{"start":{"line":147,"column":8},"end":{"line":175,"column":9}},"44":{"start":{"line":148,"column":10},"end":{"line":149,"column":36}},"45":{"start":{"line":151,"column":10},"end":{"line":151,"column":47}},"46":{"start":{"line":153,"column":25},"end":{"line":153,"column":56}},"47":{"start":{"line":154,"column":28},"end":{"line":154,"column":114}},"48":{"start":{"line":155,"column":10},"end":{"line":155,"column":40}},"49":{"start":{"line":156,"column":10},"end":{"line":166,"column":13}},"50":{"start":{"line":157,"column":12},"end":{"line":158,"column":38}},"51":{"start":{"line":160,"column":12},"end":{"line":160,"column":36}},"52":{"start":{"line":162,"column":12},"end":{"line":163,"column":38}},"53":{"start":{"line":165,"column":12},"end":{"line":165,"column":48}},"54":{"start":{"line":167,"column":10},"end":{"line":169,"column":51}},"55":{"start":{"line":171,"column":10},"end":{"line":172,"column":77}},"56":{"start":{"line":172,"column":10},"end":{"line":172,"column":77}},"57":{"start":{"line":174,"column":10},"end":{"line":174,"column":24}},"58":{"start":{"line":182,"column":24},"end":{"line":182,"column":70}},"59":{"start":{"line":183,"column":4},"end":{"line":214,"column":7}},"60":{"start":{"line":185,"column":6},"end":{"line":213,"column":9}},"61":{"start":{"line":186,"column":8},"end":{"line":210,"column":13}},"62":{"start":{"line":200,"column":12},"end":{"line":206,"column":14}},"63":{"start":{"line":209,"column":12},"end":{"line":209,"column":30}},"64":{"start":{"line":212,"column":8},"end":{"line":212,"column":24}},"65":{"start":{"line":218,"column":4},"end":{"line":234,"column":7}},"66":{"start":{"line":219,"column":6},"end":{"line":233,"column":9}},"67":{"start":{"line":220,"column":30},"end":{"line":225,"column":10}},"68":{"start":{"line":226,"column":8},"end":{"line":230,"column":11}},"69":{"start":{"line":227,"column":10},"end":{"line":227,"column":32}},"70":{"start":{"line":229,"column":10},"end":{"line":229,"column":40}},"71":{"start":{"line":232,"column":8},"end":{"line":232,"column":24}}},"fnMap":{"0":{"name":"(anonymous_0)","decl":{"start":{"line":37,"column":2},"end":{"line":37,"column":3}},"loc":{"start":{"line":37,"column":31},"end":{"line":42,"column":3}},"line":37},"1":{"name":"(anonymous_1)","decl":{"start":{"line":44,"column":2},"end":{"line":44,"column":3}},"loc":{"start":{"line":44,"column":62},"end":{"line":75,"column":3}},"line":44},"2":{"name":"(anonymous_2)","decl":{"start":{"line":46,"column":25},"end":{"line":46,"column":26}},"loc":{"start":{"line":46,"column":46},"end":{"line":74,"column":7}},"line":46},"3":{"name":"(anonymous_3)","decl":{"start":{"line":54,"column":12},"end":{"line":54,"column":13}},"loc":{"start":{"line":54,"column":32},"end":{"line":58,"column":13}},"line":54},"4":{"name":"(anonymous_4)","decl":{"start":{"line":59,"column":12},"end":{"line":59,"column":13}},"loc":{"start":{"line":59,"column":32},"end":{"line":64,"column":13}},"line":59},"5":{"name":"(anonymous_5)","decl":{"start":{"line":77,"column":2},"end":{"line":77,"column":3}},"loc":{"start":{"line":77,"column":41},"end":{"line":105,"column":3}},"line":77},"6":{"name":"(anonymous_6)","decl":{"start":{"line":78,"column":25},"end":{"line":78,"column":26}},"loc":{"start":{"line":78,"column":46},"end":{"line":104,"column":7}},"line":78},"7":{"name":"(anonymous_7)","decl":{"start":{"line":86,"column":16},"end":{"line":86,"column":17}},"loc":{"start":{"line":86,"column":28},"end":{"line":91,"column":11}},"line":86},"8":{"name":"(anonymous_8)","decl":{"start":{"line":92,"column":17},"end":{"line":92,"column":18}},"loc":{"start":{"line":92,"column":28},"end":{"line":96,"column":11}},"line":92},"9":{"name":"(anonymous_9)","decl":{"start":{"line":107,"column":2},"end":{"line":107,"column":3}},"loc":{"start":{"line":107,"column":39},"end":{"line":143,"column":3}},"line":107},"10":{"name":"(anonymous_10)","decl":{"start":{"line":108,"column":25},"end":{"line":108,"column":26}},"loc":{"start":{"line":108,"column":46},"end":{"line":142,"column":7}},"line":108},"11":{"name":"(anonymous_11)","decl":{"start":{"line":119,"column":12},"end":{"line":119,"column":13}},"loc":{"start":{"line":119,"column":32},"end":{"line":124,"column":13}},"line":119},"12":{"name":"(anonymous_12)","decl":{"start":{"line":125,"column":12},"end":{"line":125,"column":13}},"loc":{"start":{"line":125,"column":32},"end":{"line":130,"column":13}},"line":125},"13":{"name":"(anonymous_13)","decl":{"start":{"line":145,"column":2},"end":{"line":145,"column":3}},"loc":{"start":{"line":145,"column":47},"end":{"line":178,"column":3}},"line":145},"14":{"name":"(anonymous_14)","decl":{"start":{"line":146,"column":25},"end":{"line":146,"column":26}},"loc":{"start":{"line":146,"column":46},"end":{"line":176,"column":7}},"line":146},"15":{"name":"(anonymous_15)","decl":{"start":{"line":156,"column":53},"end":{"line":156,"column":54}},"loc":{"start":{"line":156,"column":73},"end":{"line":161,"column":11}},"line":156},"16":{"name":"(anonymous_16)","decl":{"start":{"line":161,"column":19},"end":{"line":161,"column":20}},"loc":{"start":{"line":161,"column":41},"end":{"line":166,"column":11}},"line":161},"17":{"name":"(anonymous_17)","decl":{"start":{"line":181,"column":2},"end":{"line":181,"column":3}},"loc":{"start":{"line":181,"column":31},"end":{"line":215,"column":3}},"line":181},"18":{"name":"(anonymous_18)","decl":{"start":{"line":183,"column":23},"end":{"line":183,"column":24}},"loc":{"start":{"line":183,"column":52},"end":{"line":214,"column":5}},"line":183},"19":{"name":"(anonymous_19)","decl":{"start":{"line":185,"column":48},"end":{"line":185,"column":49}},"loc":{"start":{"line":185,"column":63},"end":{"line":211,"column":7}},"line":185},"20":{"name":"(anonymous_20)","decl":{"start":{"line":199,"column":16},"end":{"line":199,"column":17}},"loc":{"start":{"line":199,"column":35},"end":{"line":207,"column":11}},"line":199},"21":{"name":"(anonymous_21)","decl":{"start":{"line":208,"column":17},"end":{"line":208,"column":18}},"loc":{"start":{"line":208,"column":28},"end":{"line":210,"column":11}},"line":208},"22":{"name":"(anonymous_22)","decl":{"start":{"line":211,"column":15},"end":{"line":211,"column":16}},"loc":{"start":{"line":211,"column":24},"end":{"line":213,"column":7}},"line":211},"23":{"name":"(anonymous_23)","decl":{"start":{"line":217,"column":2},"end":{"line":217,"column":3}},"loc":{"start":{"line":217,"column":50},"end":{"line":235,"column":3}},"line":217},"24":{"name":"(anonymous_24)","decl":{"start":{"line":218,"column":23},"end":{"line":218,"column":24}},"loc":{"start":{"line":218,"column":52},"end":{"line":234,"column":5}},"line":218},"25":{"name":"(anonymous_25)","decl":{"start":{"line":219,"column":48},"end":{"line":219,"column":49}},"loc":{"start":{"line":219,"column":63},"end":{"line":231,"column":7}},"line":219},"26":{"name":"(anonymous_26)","decl":{"start":{"line":226,"column":27},"end":{"line":226,"column":28}},"loc":{"start":{"line":226,"column":41},"end":{"line":228,"column":9}},"line":226},"27":{"name":"(anonymous_27)","decl":{"start":{"line":228,"column":17},"end":{"line":228,"column":18}},"loc":{"start":{"line":228,"column":26},"end":{"line":230,"column":9}},"line":228},"28":{"name":"(anonymous_28)","decl":{"start":{"line":231,"column":15},"end":{"line":231,"column":16}},"loc":{"start":{"line":231,"column":24},"end":{"line":233,"column":7}},"line":231}},"branchMap":{"0":{"loc":{"start":{"line":70,"column":10},"end":{"line":71,"column":73}},"type":"if","locations":[{"start":{"line":70,"column":10},"end":{"line":71,"column":73}},{"start":{},"end":{}}],"line":70},"1":{"loc":{"start":{"line":100,"column":10},"end":{"line":101,"column":73}},"type":"if","locations":[{"start":{"line":100,"column":10},"end":{"line":101,"column":73}},{"start":{},"end":{}}],"line":100},"2":{"loc":{"start":{"line":137,"column":10},"end":{"line":138,"column":73}},"type":"if","locations":[{"start":{"line":137,"column":10},"end":{"line":138,"column":73}},{"start":{},"end":{}}],"line":137},"3":{"loc":{"start":{"line":171,"column":10},"end":{"line":172,"column":77}},"type":"if","locations":[{"start":{"line":171,"column":10},"end":{"line":172,"column":77}},{"start":{},"end":{}}],"line":171}},"s":{"0":29,"1":29,"2":29,"3":5,"4":5,"5":5,"6":5,"7":2,"8":1,"9":1,"10":1,"11":1,"12":2,"13":3,"14":3,"15":3,"16":9,"17":9,"18":9,"19":9,"20":3,"21":2,"22":2,"23":1,"24":1,"25":3,"26":6,"27":6,"28":6,"29":6,"30":6,"31":6,"32":6,"33":2,"34":1,"35":1,"36":1,"37":1,"38":2,"39":4,"40":4,"41":4,"42":3,"43":3,"44":3,"45":3,"46":1,"47":1,"48":1,"49":1,"50":1,"51":1,"52":0,"53":0,"54":1,"55":2,"56":2,"57":2,"58":3,"59":3,"60":3,"61":3,"62":2,"63":1,"64":0,"65":1,"66":1,"67":1,"68":1,"69":1,"70":0,"71":0},"f":{"0":29,"1":5,"2":5,"3":1,"4":1,"5":9,"6":9,"7":2,"8":1,"9":6,"10":6,"11":1,"12":1,"13":3,"14":3,"15":1,"16":0,"17":3,"18":3,"19":3,"20":2,"21":1,"22":0,"23":1,"24":1,"25":1,"26":1,"27":0,"28":0},"b":{"0":[3,0],"1":[6,0],"2":[4,0],"3":[2,0]},"_coverageSchema":"1a1c01bbd47fc00a2c39e90264f33305004495a9","hash":"e975ab2cd83cd1c5eb7df62119bca045c74311aa"}
,"/home/sankmy/Desktop/skyflow-node/src/vault-api/Skyflow.ts": {"path":"/home/sankmy/Desktop/skyflow-node/src/vault-api/Skyflow.ts","statementMap":{"0":{"start":{"line":32,"column":14},"end":{"line":32,"column":17}},"1":{"start":{"line":37,"column":4},"end":{"line":43,"column":6}},"2":{"start":{"line":44,"column":4},"end":{"line":44,"column":65}},"3":{"start":{"line":45,"column":4},"end":{"line":46,"column":35}},"4":{"start":{"line":48,"column":4},"end":{"line":49,"column":22}},"5":{"start":{"line":53,"column":21},"end":{"line":53,"column":64}},"6":{"start":{"line":54,"column":4},"end":{"line":55,"column":16}},"7":{"start":{"line":56,"column":4},"end":{"line":63,"column":5}},"8":{"start":{"line":62,"column":6},"end":{"line":62,"column":79}},"9":{"start":{"line":64,"column":23},"end":{"line":64,"column":29}},"10":{"start":{"line":65,"column":4},"end":{"line":67,"column":24}},"11":{"start":{"line":68,"column":20},"end":{"line":68,"column":43}},"12":{"start":{"line":69,"column":4},"end":{"line":69,"column":74}},"13":{"start":{"line":70,"column":4},"end":{"line":70,"column":19}},"14":{"start":{"line":77,"column":4},"end":{"line":78,"column":22}},"15":{"start":{"line":79,"column":4},"end":{"line":79,"column":59}},"16":{"start":{"line":83,"column":4},"end":{"line":84,"column":39}},"17":{"start":{"line":85,"column":4},"end":{"line":85,"column":62}},"18":{"start":{"line":89,"column":4},"end":{"line":90,"column":39}},"19":{"start":{"line":91,"column":4},"end":{"line":91,"column":56}},"20":{"start":{"line":95,"column":4},"end":{"line":96,"column":39}},"21":{"start":{"line":98,"column":4},"end":{"line":98,"column":56}},"22":{"start":{"line":102,"column":4},"end":{"line":102,"column":25}},"23":{"start":{"line":106,"column":4},"end":{"line":106,"column":25}},"24":{"start":{"line":110,"column":4},"end":{"line":110,"column":20}}},"fnMap":{"0":{"name":"(anonymous_0)","decl":{"start":{"line":36,"column":2},"end":{"line":36,"column":3}},"loc":{"start":{"line":36,"column":32},"end":{"line":50,"column":3}},"line":36},"1":{"name":"(anonymous_1)","decl":{"start":{"line":52,"column":2},"end":{"line":52,"column":3}},"loc":{"start":{"line":52,"column":41},"end":{"line":71,"column":3}},"line":52},"2":{"name":"(anonymous_2)","decl":{"start":{"line":73,"column":2},"end":{"line":73,"column":3}},"loc":{"start":{"line":76,"column":4},"end":{"line":80,"column":3}},"line":76},"3":{"name":"(anonymous_3)","decl":{"start":{"line":82,"column":2},"end":{"line":82,"column":3}},"loc":{"start":{"line":82,"column":78},"end":{"line":86,"column":3}},"line":82},"4":{"name":"(anonymous_4)","decl":{"start":{"line":88,"column":2},"end":{"line":88,"column":3}},"loc":{"start":{"line":88,"column":39},"end":{"line":92,"column":3}},"line":88},"5":{"name":"(anonymous_5)","decl":{"start":{"line":94,"column":2},"end":{"line":94,"column":3}},"loc":{"start":{"line":94,"column":40},"end":{"line":99,"column":3}},"line":94},"6":{"name":"(anonymous_6)","decl":{"start":{"line":101,"column":2},"end":{"line":101,"column":3}},"loc":{"start":{"line":101,"column":29},"end":{"line":103,"column":3}},"line":101},"7":{"name":"(anonymous_7)","decl":{"start":{"line":105,"column":2},"end":{"line":105,"column":3}},"loc":{"start":{"line":105,"column":29},"end":{"line":107,"column":3}},"line":105},"8":{"name":"(anonymous_8)","decl":{"start":{"line":109,"column":2},"end":{"line":109,"column":3}},"loc":{"start":{"line":109,"column":24},"end":{"line":111,"column":3}},"line":109}},"branchMap":{"0":{"loc":{"start":{"line":44,"column":21},"end":{"line":44,"column":64}},"type":"binary-expr","locations":[{"start":{"line":44,"column":21},"end":{"line":44,"column":46}},{"start":{"line":44,"column":50},"end":{"line":44,"column":64}}],"line":44},"1":{"loc":{"start":{"line":53,"column":21},"end":{"line":53,"column":64}},"type":"binary-expr","locations":[{"start":{"line":53,"column":21},"end":{"line":53,"column":46}},{"start":{"line":53,"column":50},"end":{"line":53,"column":64}}],"line":53},"2":{"loc":{"start":{"line":56,"column":4},"end":{"line":63,"column":5}},"type":"if","locations":[{"start":{"line":56,"column":4},"end":{"line":63,"column":5}},{"start":{},"end":{}}],"line":56},"3":{"loc":{"start":{"line":57,"column":6},"end":{"line":60,"column":31}},"type":"binary-expr","locations":[{"start":{"line":57,"column":6},"end":{"line":57,"column":13}},{"start":{"line":58,"column":9},"end":{"line":58,"column":24}},{"start":{"line":59,"column":9},"end":{"line":59,"column":37}},{"start":{"line":60,"column":9},"end":{"line":60,"column":31}}],"line":57},"4":{"loc":{"start":{"line":65,"column":26},"end":{"line":67,"column":23}},"type":"cond-expr","locations":[{"start":{"line":66,"column":8},"end":{"line":66,"column":36}},{"start":{"line":67,"column":8},"end":{"line":67,"column":23}}],"line":65},"5":{"loc":{"start":{"line":75,"column":4},"end":{"line":75,"column":51}},"type":"default-arg","locations":[{"start":{"line":75,"column":35},"end":{"line":75,"column":51}}],"line":75}},"s":{"0":29,"1":29,"2":29,"3":29,"4":29,"5":30,"6":30,"7":30,"8":1,"9":29,"10":29,"11":29,"12":29,"13":29,"14":9,"15":9,"16":5,"17":5,"18":6,"19":6,"20":3,"21":3,"22":4,"23":5,"24":4},"f":{"0":29,"1":30,"2":9,"3":5,"4":6,"5":3,"6":4,"7":5,"8":4},"b":{"0":[29,29],"1":[30,30],"2":[1,29],"3":[30,30,30,30],"4":[0,29],"5":[7]},"_coverageSchema":"1a1c01bbd47fc00a2c39e90264f33305004495a9","hash":"07cf0f0a6ba1d833fde9c31fcc3092c16b012ae7"}
,"/home/sankmy/Desktop/skyflow-node/src/vault-api/client/index.ts": {"path":"/home/sankmy/Desktop/skyflow-node/src/vault-api/client/index.ts","statementMap":{"0":{"start":{"line":28,"column":4},"end":{"line":28,"column":25}},"1":{"start":{"line":29,"column":4},"end":{"line":29,"column":30}},"2":{"start":{"line":33,"column":4},"end":{"line":36,"column":6}},"3":{"start":{"line":40,"column":4},"end":{"line":40,"column":50}},"4":{"start":{"line":43,"column":12},"end":{"line":100,"column":4}},"5":{"start":{"line":43,"column":41},"end":{"line":100,"column":4}},"6":{"start":{"line":45,"column":24},"end":{"line":45,"column":44}},"7":{"start":{"line":46,"column":4},"end":{"line":49,"column":5}},"8":{"start":{"line":47,"column":6},"end":{"line":47,"column":78}},"9":{"start":{"line":48,"column":6},"end":{"line":48,"column":13}},"10":{"start":{"line":51,"column":4},"end":{"line":51,"column":57}},"11":{"start":{"line":53,"column":4},"end":{"line":58,"column":5}},"12":{"start":{"line":54,"column":26},"end":{"line":54,"column":33}},"13":{"start":{"line":55,"column":6},"end":{"line":57,"column":9}},"14":{"start":{"line":56,"column":8},"end":{"line":56,"column":56}},"15":{"start":{"line":60,"column":4},"end":{"line":60,"column":58}},"16":{"start":{"line":62,"column":4},"end":{"line":95,"column":6}},"17":{"start":{"line":63,"column":30},"end":{"line":63,"column":65}},"18":{"start":{"line":64,"column":26},"end":{"line":64,"column":67}},"19":{"start":{"line":65,"column":24},"end":{"line":65,"column":26}},"20":{"start":{"line":66,"column":6},"end":{"line":71,"column":9}},"21":{"start":{"line":67,"column":22},"end":{"line":67,"column":38}},"22":{"start":{"line":68,"column":23},"end":{"line":68,"column":42}},"23":{"start":{"line":69,"column":22},"end":{"line":69,"column":38}},"24":{"start":{"line":70,"column":8},"end":{"line":70,"column":34}},"25":{"start":{"line":72,"column":26},"end":{"line":72,"column":51}},"26":{"start":{"line":73,"column":6},"end":{"line":90,"column":7}},"27":{"start":{"line":74,"column":8},"end":{"line":89,"column":9}},"28":{"start":{"line":75,"column":10},"end":{"line":78,"column":24}},"29":{"start":{"line":79,"column":15},"end":{"line":89,"column":9}},"30":{"start":{"line":80,"column":10},"end":{"line":83,"column":24}},"31":{"start":{"line":85,"column":10},"end":{"line":88,"column":24}},"32":{"start":{"line":91,"column":6},"end":{"line":93,"column":7}},"33":{"start":{"line":92,"column":8},"end":{"line":92,"column":54}},"34":{"start":{"line":94,"column":6},"end":{"line":94,"column":40}},"35":{"start":{"line":97,"column":4},"end":{"line":99,"column":6}},"36":{"start":{"line":98,"column":6},"end":{"line":98,"column":79}}},"fnMap":{"0":{"name":"(anonymous_0)","decl":{"start":{"line":27,"column":2},"end":{"line":27,"column":3}},"loc":{"start":{"line":27,"column":42},"end":{"line":30,"column":3}},"line":27},"1":{"name":"(anonymous_1)","decl":{"start":{"line":32,"column":2},"end":{"line":32,"column":3}},"loc":{"start":{"line":32,"column":11},"end":{"line":37,"column":3}},"line":32},"2":{"name":"(anonymous_2)","decl":{"start":{"line":39,"column":2},"end":{"line":39,"column":3}},"loc":{"start":{"line":39,"column":24},"end":{"line":41,"column":3}},"line":39},"3":{"name":"(anonymous_3)","decl":{"start":{"line":43,"column":12},"end":{"line":43,"column":13}},"loc":{"start":{"line":43,"column":41},"end":{"line":100,"column":4}},"line":43},"4":{"name":"(anonymous_4)","decl":{"start":{"line":43,"column":53},"end":{"line":43,"column":54}},"loc":{"start":{"line":43,"column":74},"end":{"line":100,"column":3}},"line":43},"5":{"name":"(anonymous_5)","decl":{"start":{"line":55,"column":43},"end":{"line":55,"column":44}},"loc":{"start":{"line":55,"column":52},"end":{"line":57,"column":7}},"line":55},"6":{"name":"(anonymous_6)","decl":{"start":{"line":62,"column":25},"end":{"line":62,"column":26}},"loc":{"start":{"line":62,"column":31},"end":{"line":95,"column":5}},"line":62},"7":{"name":"(anonymous_7)","decl":{"start":{"line":66,"column":26},"end":{"line":66,"column":27}},"loc":{"start":{"line":66,"column":36},"end":{"line":71,"column":7}},"line":66},"8":{"name":"(anonymous_8)","decl":{"start":{"line":97,"column":26},"end":{"line":97,"column":27}},"loc":{"start":{"line":97,"column":32},"end":{"line":99,"column":5}},"line":97}},"branchMap":{"0":{"loc":{"start":{"line":46,"column":4},"end":{"line":49,"column":5}},"type":"if","locations":[{"start":{"line":46,"column":4},"end":{"line":49,"column":5}},{"start":{},"end":{}}],"line":46},"1":{"loc":{"start":{"line":53,"column":4},"end":{"line":58,"column":5}},"type":"if","locations":[{"start":{"line":53,"column":4},"end":{"line":58,"column":5}},{"start":{},"end":{}}],"line":53},"2":{"loc":{"start":{"line":68,"column":23},"end":{"line":68,"column":42}},"type":"binary-expr","locations":[{"start":{"line":68,"column":23},"end":{"line":68,"column":36}},{"start":{"line":68,"column":40},"end":{"line":68,"column":42}}],"line":68},"3":{"loc":{"start":{"line":73,"column":6},"end":{"line":90,"column":7}},"type":"if","locations":[{"start":{"line":73,"column":6},"end":{"line":90,"column":7}},{"start":{},"end":{}}],"line":73},"4":{"loc":{"start":{"line":73,"column":10},"end":{"line":73,"column":63}},"type":"binary-expr","locations":[{"start":{"line":73,"column":10},"end":{"line":73,"column":34}},{"start":{"line":73,"column":38},"end":{"line":73,"column":63}}],"line":73},"5":{"loc":{"start":{"line":74,"column":8},"end":{"line":89,"column":9}},"type":"if","locations":[{"start":{"line":74,"column":8},"end":{"line":89,"column":9}},{"start":{"line":79,"column":15},"end":{"line":89,"column":9}}],"line":74},"6":{"loc":{"start":{"line":79,"column":15},"end":{"line":89,"column":9}},"type":"if","locations":[{"start":{"line":79,"column":15},"end":{"line":89,"column":9}},{"start":{"line":84,"column":15},"end":{"line":89,"column":9}}],"line":79},"7":{"loc":{"start":{"line":91,"column":6},"end":{"line":93,"column":7}},"type":"if","locations":[{"start":{"line":91,"column":6},"end":{"line":93,"column":7}},{"start":{},"end":{}}],"line":91}},"s":{"0":4,"1":4,"2":0,"3":1,"4":4,"5":3,"6":3,"7":3,"8":0,"9":0,"10":3,"11":3,"12":3,"13":3,"14":3,"15":3,"16":3,"17":0,"18":0,"19":0,"20":0,"21":0,"22":0,"23":0,"24":0,"25":0,"26":0,"27":0,"28":0,"29":0,"30":0,"31":0,"32":0,"33":0,"34":0,"35":3,"36":0},"f":{"0":4,"1":0,"2":1,"3":3,"4":3,"5":3,"6":0,"7":0,"8":0},"b":{"0":[0,3],"1":[3,0],"2":[0,0],"3":[0,0],"4":[0,0],"5":[0,0],"6":[0,0],"7":[0,0]},"_coverageSchema":"1a1c01bbd47fc00a2c39e90264f33305004495a9","hash":"de77be6a10693acfd30ce362da8184b287ca21e7"}
,"/home/sankmy/Desktop/skyflow-node/src/vault-api/core/collect.ts": {"path":"/home/sankmy/Desktop/skyflow-node/src/vault-api/core/collect.ts","statementMap":{"0":{"start":{"line":7,"column":44},"end":{"line":38,"column":1}},"1":{"start":{"line":11,"column":27},"end":{"line":11,"column":29}},"2":{"start":{"line":12,"column":2},"end":{"line":36,"column":3}},"3":{"start":{"line":13,"column":4},"end":{"line":26,"column":7}},"4":{"start":{"line":14,"column":6},"end":{"line":19,"column":9}},"5":{"start":{"line":20,"column":6},"end":{"line":25,"column":9}},"6":{"start":{"line":28,"column":4},"end":{"line":35,"column":7}},"7":{"start":{"line":29,"column":6},"end":{"line":34,"column":9}},"8":{"start":{"line":37,"column":2},"end":{"line":37,"column":21}},"9":{"start":{"line":40,"column":45},"end":{"line":70,"column":1}},"10":{"start":{"line":45,"column":2},"end":{"line":63,"column":3}},"11":{"start":{"line":46,"column":4},"end":{"line":62,"column":6}},"12":{"start":{"line":49,"column":10},"end":{"line":59,"column":11}},"13":{"start":{"line":50,"column":30},"end":{"line":50,"column":85}},"14":{"start":{"line":51,"column":12},"end":{"line":51,"column":35}},"15":{"start":{"line":52,"column":12},"end":{"line":58,"column":14}},"16":{"start":{"line":60,"column":10},"end":{"line":60,"column":21}},"17":{"start":{"line":61,"column":34},"end":{"line":61,"column":49}},"18":{"start":{"line":64,"column":2},"end":{"line":69,"column":4}},"19":{"start":{"line":65,"column":57},"end":{"line":68,"column":5}}},"fnMap":{"0":{"name":"(anonymous_0)","decl":{"start":{"line":7,"column":44},"end":{"line":7,"column":45}},"loc":{"start":{"line":10,"column":5},"end":{"line":38,"column":1}},"line":10},"1":{"name":"(anonymous_1)","decl":{"start":{"line":13,"column":28},"end":{"line":13,"column":29}},"loc":{"start":{"line":13,"column":47},"end":{"line":26,"column":5}},"line":13},"2":{"name":"(anonymous_2)","decl":{"start":{"line":28,"column":28},"end":{"line":28,"column":29}},"loc":{"start":{"line":28,"column":40},"end":{"line":35,"column":5}},"line":28},"3":{"name":"(anonymous_3)","decl":{"start":{"line":40,"column":45},"end":{"line":40,"column":46}},"loc":{"start":{"line":44,"column":5},"end":{"line":70,"column":1}},"line":44},"4":{"name":"(anonymous_4)","decl":{"start":{"line":48,"column":13},"end":{"line":48,"column":14}},"loc":{"start":{"line":48,"column":29},"end":{"line":61,"column":9}},"line":48},"5":{"name":"(anonymous_5)","decl":{"start":{"line":61,"column":18},"end":{"line":61,"column":19}},"loc":{"start":{"line":61,"column":34},"end":{"line":61,"column":49}},"line":61},"6":{"name":"(anonymous_6)","decl":{"start":{"line":65,"column":40},"end":{"line":65,"column":41}},"loc":{"start":{"line":65,"column":57},"end":{"line":68,"column":5}},"line":65}},"branchMap":{"0":{"loc":{"start":{"line":9,"column":2},"end":{"line":9,"column":49}},"type":"default-arg","locations":[{"start":{"line":9,"column":33},"end":{"line":9,"column":49}}],"line":9},"1":{"loc":{"start":{"line":12,"column":2},"end":{"line":36,"column":3}},"type":"if","locations":[{"start":{"line":12,"column":2},"end":{"line":36,"column":3}},{"start":{"line":27,"column":9},"end":{"line":36,"column":3}}],"line":12},"2":{"loc":{"start":{"line":45,"column":2},"end":{"line":63,"column":3}},"type":"if","locations":[{"start":{"line":45,"column":2},"end":{"line":63,"column":3}},{"start":{},"end":{}}],"line":45},"3":{"loc":{"start":{"line":49,"column":10},"end":{"line":59,"column":11}},"type":"if","locations":[{"start":{"line":49,"column":10},"end":{"line":59,"column":11}},{"start":{},"end":{}}],"line":49}},"s":{"0":1,"1":3,"2":3,"3":1,"4":1,"5":1,"6":2,"7":2,"8":3,"9":1,"10":2,"11":1,"12":2,"13":1,"14":1,"15":1,"16":1,"17":2,"18":1,"19":1},"f":{"0":3,"1":1,"2":2,"3":2,"4":2,"5":2,"6":1},"b":{"0":[0],"1":[1,2],"2":[1,1],"3":[1,1]},"_coverageSchema":"1a1c01bbd47fc00a2c39e90264f33305004495a9","hash":"d26d50c1f436cae7177c2601004621aa1344a03c"}
,"/home/sankmy/Desktop/skyflow-node/src/vault-api/core/reveal.ts": {"path":"/home/sankmy/Desktop/skyflow-node/src/vault-api/core/reveal.ts","statementMap":{"0":{"start":{"line":17,"column":31},"end":{"line":20,"column":1}},"1":{"start":{"line":18,"column":33},"end":{"line":18,"column":49}},"2":{"start":{"line":19,"column":2},"end":{"line":19,"column":96}},"3":{"start":{"line":19,"column":49},"end":{"line":19,"column":93}},"4":{"start":{"line":22,"column":31},"end":{"line":28,"column":2}},"5":{"start":{"line":22,"column":59},"end":{"line":28,"column":1}},"6":{"start":{"line":30,"column":37},"end":{"line":51,"column":1}},"7":{"start":{"line":35,"column":26},"end":{"line":35,"column":28}},"8":{"start":{"line":37,"column":2},"end":{"line":39,"column":5}},"9":{"start":{"line":38,"column":4},"end":{"line":38,"column":45}},"10":{"start":{"line":41,"column":35},"end":{"line":41,"column":173}},"11":{"start":{"line":43,"column":2},"end":{"line":50,"column":5}},"12":{"start":{"line":53,"column":33},"end":{"line":75,"column":1}},"13":{"start":{"line":58,"column":35},"end":{"line":58,"column":108}},"14":{"start":{"line":59,"column":2},"end":{"line":74,"column":5}},"15":{"start":{"line":77,"column":37},"end":{"line":124,"column":2}},"16":{"start":{"line":80,"column":35},"end":{"line":124,"column":2}},"17":{"start":{"line":81,"column":2},"end":{"line":123,"column":5}},"18":{"start":{"line":82,"column":45},"end":{"line":100,"column":5}},"19":{"start":{"line":83,"column":23},"end":{"line":99,"column":8}},"20":{"start":{"line":84,"column":33},"end":{"line":84,"column":35}},"21":{"start":{"line":85,"column":8},"end":{"line":98,"column":13}},"22":{"start":{"line":88,"column":33},"end":{"line":88,"column":65}},"23":{"start":{"line":89,"column":14},"end":{"line":89,"column":46}},"24":{"start":{"line":92,"column":32},"end":{"line":92,"column":80}},"25":{"start":{"line":93,"column":14},"end":{"line":93,"column":42}},"26":{"start":{"line":97,"column":12},"end":{"line":97,"column":33}},"27":{"start":{"line":102,"column":4},"end":{"line":120,"column":7}},"28":{"start":{"line":103,"column":53},"end":{"line":103,"column":55}},"29":{"start":{"line":104,"column":51},"end":{"line":104,"column":53}},"30":{"start":{"line":105,"column":6},"end":{"line":115,"column":9}},"31":{"start":{"line":106,"column":8},"end":{"line":114,"column":9}},"32":{"start":{"line":107,"column":10},"end":{"line":113,"column":13}},"33":{"start":{"line":108,"column":12},"end":{"line":112,"column":13}},"34":{"start":{"line":109,"column":14},"end":{"line":109,"column":38}},"35":{"start":{"line":111,"column":14},"end":{"line":111,"column":40}},"36":{"start":{"line":116,"column":6},"end":{"line":119,"column":75}},"37":{"start":{"line":117,"column":8},"end":{"line":117,"column":50}},"38":{"start":{"line":118,"column":13},"end":{"line":119,"column":75}},"39":{"start":{"line":118,"column":47},"end":{"line":118,"column":85}},"40":{"start":{"line":119,"column":11},"end":{"line":119,"column":75}},"41":{"start":{"line":122,"column":4},"end":{"line":122,"column":20}},"42":{"start":{"line":125,"column":38},"end":{"line":133,"column":1}},"43":{"start":{"line":126,"column":41},"end":{"line":126,"column":43}},"44":{"start":{"line":127,"column":2},"end":{"line":131,"column":3}},"45":{"start":{"line":128,"column":4},"end":{"line":130,"column":7}},"46":{"start":{"line":129,"column":6},"end":{"line":129,"column":42}},"47":{"start":{"line":132,"column":2},"end":{"line":132,"column":16}},"48":{"start":{"line":135,"column":38},"end":{"line":144,"column":1}},"49":{"start":{"line":136,"column":2},"end":{"line":142,"column":3}},"50":{"start":{"line":137,"column":27},"end":{"line":139,"column":7}},"51":{"start":{"line":137,"column":61},"end":{"line":139,"column":5}},"52":{"start":{"line":140,"column":4},"end":{"line":140,"column":85}},"53":{"start":{"line":140,"column":25},"end":{"line":140,"column":85}},"54":{"start":{"line":141,"column":4},"end":{"line":141,"column":39}},"55":{"start":{"line":143,"column":2},"end":{"line":143,"column":37}},"56":{"start":{"line":147,"column":39},"end":{"line":211,"column":2}},"57":{"start":{"line":150,"column":5},"end":{"line":211,"column":2}},"58":{"start":{"line":152,"column":2},"end":{"line":210,"column":5}},"59":{"start":{"line":153,"column":4},"end":{"line":192,"column":6}},"60":{"start":{"line":154,"column":27},"end":{"line":191,"column":8}},"61":{"start":{"line":155,"column":8},"end":{"line":190,"column":13}},"62":{"start":{"line":158,"column":38},"end":{"line":158,"column":40}},"63":{"start":{"line":159,"column":41},"end":{"line":159,"column":63}},"64":{"start":{"line":160,"column":14},"end":{"line":171,"column":17}},"65":{"start":{"line":161,"column":27},"end":{"line":161,"column":54}},"66":{"start":{"line":162,"column":38},"end":{"line":168,"column":17}},"67":{"start":{"line":169,"column":16},"end":{"line":169,"column":55}},"68":{"start":{"line":170,"column":16},"end":{"line":170,"column":45}},"69":{"start":{"line":172,"column":14},"end":{"line":172,"column":32}},"70":{"start":{"line":175,"column":34},"end":{"line":175,"column":48}},"71":{"start":{"line":176,"column":14},"end":{"line":184,"column":15}},"72":{"start":{"line":177,"column":16},"end":{"line":183,"column":18}},"73":{"start":{"line":185,"column":14},"end":{"line":185,"column":36}},"74":{"start":{"line":189,"column":12},"end":{"line":189,"column":26}},"75":{"start":{"line":193,"column":4},"end":{"line":207,"column":7}},"76":{"start":{"line":194,"column":37},"end":{"line":194,"column":39}},"77":{"start":{"line":195,"column":36},"end":{"line":195,"column":38}},"78":{"start":{"line":196,"column":6},"end":{"line":202,"column":9}},"79":{"start":{"line":197,"column":8},"end":{"line":201,"column":9}},"80":{"start":{"line":198,"column":10},"end":{"line":198,"column":48}},"81":{"start":{"line":200,"column":10},"end":{"line":200,"column":45}},"82":{"start":{"line":203,"column":6},"end":{"line":206,"column":76}},"83":{"start":{"line":204,"column":8},"end":{"line":204,"column":50}},"84":{"start":{"line":205,"column":13},"end":{"line":206,"column":76}},"85":{"start":{"line":205,"column":47},"end":{"line":205,"column":86}},"86":{"start":{"line":206,"column":11},"end":{"line":206,"column":76}},"87":{"start":{"line":209,"column":4},"end":{"line":209,"column":20}}},"fnMap":{"0":{"name":"(anonymous_0)","decl":{"start":{"line":17,"column":31},"end":{"line":17,"column":32}},"loc":{"start":{"line":17,"column":66},"end":{"line":20,"column":1}},"line":17},"1":{"name":"(anonymous_1)","decl":{"start":{"line":19,"column":36},"end":{"line":19,"column":37}},"loc":{"start":{"line":19,"column":49},"end":{"line":19,"column":93}},"line":19},"2":{"name":"(anonymous_2)","decl":{"start":{"line":22,"column":31},"end":{"line":22,"column":32}},"loc":{"start":{"line":22,"column":59},"end":{"line":28,"column":1}},"line":22},"3":{"name":"(anonymous_3)","decl":{"start":{"line":30,"column":37},"end":{"line":30,"column":38}},"loc":{"start":{"line":34,"column":5},"end":{"line":51,"column":1}},"line":34},"4":{"name":"(anonymous_4)","decl":{"start":{"line":37,"column":30},"end":{"line":37,"column":31}},"loc":{"start":{"line":37,"column":45},"end":{"line":39,"column":3}},"line":37},"5":{"name":"(anonymous_5)","decl":{"start":{"line":53,"column":33},"end":{"line":53,"column":34}},"loc":{"start":{"line":57,"column":19},"end":{"line":75,"column":1}},"line":57},"6":{"name":"(anonymous_6)","decl":{"start":{"line":77,"column":37},"end":{"line":77,"column":38}},"loc":{"start":{"line":80,"column":35},"end":{"line":124,"column":2}},"line":80},"7":{"name":"(anonymous_7)","decl":{"start":{"line":80,"column":47},"end":{"line":80,"column":48}},"loc":{"start":{"line":80,"column":76},"end":{"line":124,"column":1}},"line":80},"8":{"name":"(anonymous_8)","decl":{"start":{"line":81,"column":38},"end":{"line":81,"column":39}},"loc":{"start":{"line":81,"column":53},"end":{"line":121,"column":3}},"line":81},"9":{"name":"(anonymous_9)","decl":{"start":{"line":83,"column":6},"end":{"line":83,"column":7}},"loc":{"start":{"line":83,"column":23},"end":{"line":99,"column":8}},"line":83},"10":{"name":"(anonymous_10)","decl":{"start":{"line":83,"column":35},"end":{"line":83,"column":36}},"loc":{"start":{"line":83,"column":48},"end":{"line":99,"column":7}},"line":83},"11":{"name":"(anonymous_11)","decl":{"start":{"line":87,"column":12},"end":{"line":87,"column":13}},"loc":{"start":{"line":87,"column":47},"end":{"line":90,"column":13}},"line":87},"12":{"name":"(anonymous_12)","decl":{"start":{"line":91,"column":12},"end":{"line":91,"column":13}},"loc":{"start":{"line":91,"column":28},"end":{"line":94,"column":13}},"line":91},"13":{"name":"(anonymous_13)","decl":{"start":{"line":96,"column":19},"end":{"line":96,"column":20}},"loc":{"start":{"line":96,"column":25},"end":{"line":98,"column":11}},"line":96},"14":{"name":"(anonymous_14)","decl":{"start":{"line":102,"column":46},"end":{"line":102,"column":47}},"loc":{"start":{"line":102,"column":61},"end":{"line":120,"column":5}},"line":102},"15":{"name":"(anonymous_15)","decl":{"start":{"line":105,"column":24},"end":{"line":105,"column":25}},"loc":{"start":{"line":105,"column":36},"end":{"line":115,"column":7}},"line":105},"16":{"name":"(anonymous_16)","decl":{"start":{"line":107,"column":31},"end":{"line":107,"column":32}},"loc":{"start":{"line":107,"column":61},"end":{"line":113,"column":11}},"line":107},"17":{"name":"(anonymous_17)","decl":{"start":{"line":121,"column":11},"end":{"line":121,"column":12}},"loc":{"start":{"line":121,"column":20},"end":{"line":123,"column":3}},"line":121},"18":{"name":"(anonymous_18)","decl":{"start":{"line":125,"column":38},"end":{"line":125,"column":39}},"loc":{"start":{"line":125,"column":73},"end":{"line":133,"column":1}},"line":125},"19":{"name":"(anonymous_19)","decl":{"start":{"line":128,"column":29},"end":{"line":128,"column":30}},"loc":{"start":{"line":128,"column":41},"end":{"line":130,"column":5}},"line":128},"20":{"name":"(anonymous_20)","decl":{"start":{"line":135,"column":38},"end":{"line":135,"column":39}},"loc":{"start":{"line":135,"column":73},"end":{"line":144,"column":1}},"line":135},"21":{"name":"(anonymous_21)","decl":{"start":{"line":137,"column":48},"end":{"line":137,"column":49}},"loc":{"start":{"line":137,"column":61},"end":{"line":139,"column":5}},"line":137},"22":{"name":"(anonymous_22)","decl":{"start":{"line":147,"column":39},"end":{"line":147,"column":40}},"loc":{"start":{"line":150,"column":5},"end":{"line":211,"column":2}},"line":150},"23":{"name":"(anonymous_23)","decl":{"start":{"line":150,"column":17},"end":{"line":150,"column":18}},"loc":{"start":{"line":150,"column":46},"end":{"line":211,"column":1}},"line":150},"24":{"name":"(anonymous_24)","decl":{"start":{"line":152,"column":38},"end":{"line":152,"column":39}},"loc":{"start":{"line":152,"column":53},"end":{"line":208,"column":3}},"line":152},"25":{"name":"(anonymous_25)","decl":{"start":{"line":154,"column":6},"end":{"line":154,"column":7}},"loc":{"start":{"line":154,"column":27},"end":{"line":191,"column":8}},"line":154},"26":{"name":"(anonymous_26)","decl":{"start":{"line":154,"column":39},"end":{"line":154,"column":40}},"loc":{"start":{"line":154,"column":60},"end":{"line":191,"column":7}},"line":154},"27":{"name":"(anonymous_27)","decl":{"start":{"line":157,"column":12},"end":{"line":157,"column":13}},"loc":{"start":{"line":157,"column":37},"end":{"line":173,"column":13}},"line":157},"28":{"name":"(anonymous_28)","decl":{"start":{"line":160,"column":34},"end":{"line":160,"column":35}},"loc":{"start":{"line":160,"column":49},"end":{"line":171,"column":15}},"line":160},"29":{"name":"(anonymous_29)","decl":{"start":{"line":174,"column":12},"end":{"line":174,"column":13}},"loc":{"start":{"line":174,"column":32},"end":{"line":186,"column":13}},"line":174},"30":{"name":"(anonymous_30)","decl":{"start":{"line":188,"column":17},"end":{"line":188,"column":18}},"loc":{"start":{"line":188,"column":28},"end":{"line":190,"column":11}},"line":188},"31":{"name":"(anonymous_31)","decl":{"start":{"line":193,"column":46},"end":{"line":193,"column":47}},"loc":{"start":{"line":193,"column":61},"end":{"line":207,"column":5}},"line":193},"32":{"name":"(anonymous_32)","decl":{"start":{"line":196,"column":24},"end":{"line":196,"column":25}},"loc":{"start":{"line":196,"column":36},"end":{"line":202,"column":7}},"line":196},"33":{"name":"(anonymous_33)","decl":{"start":{"line":208,"column":11},"end":{"line":208,"column":12}},"loc":{"start":{"line":208,"column":20},"end":{"line":210,"column":3}},"line":208}},"branchMap":{"0":{"loc":{"start":{"line":106,"column":8},"end":{"line":114,"column":9}},"type":"if","locations":[{"start":{"line":106,"column":8},"end":{"line":114,"column":9}},{"start":{},"end":{}}],"line":106},"1":{"loc":{"start":{"line":108,"column":12},"end":{"line":112,"column":13}},"type":"if","locations":[{"start":{"line":108,"column":12},"end":{"line":112,"column":13}},{"start":{"line":110,"column":19},"end":{"line":112,"column":13}}],"line":108},"2":{"loc":{"start":{"line":116,"column":6},"end":{"line":119,"column":75}},"type":"if","locations":[{"start":{"line":116,"column":6},"end":{"line":119,"column":75}},{"start":{"line":118,"column":13},"end":{"line":119,"column":75}}],"line":116},"3":{"loc":{"start":{"line":118,"column":13},"end":{"line":119,"column":75}},"type":"if","locations":[{"start":{"line":118,"column":13},"end":{"line":119,"column":75}},{"start":{"line":119,"column":11},"end":{"line":119,"column":75}}],"line":118},"4":{"loc":{"start":{"line":127,"column":2},"end":{"line":131,"column":3}},"type":"if","locations":[{"start":{"line":127,"column":2},"end":{"line":131,"column":3}},{"start":{},"end":{}}],"line":127},"5":{"loc":{"start":{"line":136,"column":2},"end":{"line":142,"column":3}},"type":"if","locations":[{"start":{"line":136,"column":2},"end":{"line":142,"column":3}},{"start":{},"end":{}}],"line":136},"6":{"loc":{"start":{"line":140,"column":4},"end":{"line":140,"column":85}},"type":"if","locations":[{"start":{"line":140,"column":4},"end":{"line":140,"column":85}},{"start":{},"end":{}}],"line":140},"7":{"loc":{"start":{"line":176,"column":14},"end":{"line":184,"column":15}},"type":"if","locations":[{"start":{"line":176,"column":14},"end":{"line":184,"column":15}},{"start":{},"end":{}}],"line":176},"8":{"loc":{"start":{"line":176,"column":18},"end":{"line":176,"column":56}},"type":"binary-expr","locations":[{"start":{"line":176,"column":18},"end":{"line":176,"column":32}},{"start":{"line":176,"column":36},"end":{"line":176,"column":56}}],"line":176},"9":{"loc":{"start":{"line":197,"column":8},"end":{"line":201,"column":9}},"type":"if","locations":[{"start":{"line":197,"column":8},"end":{"line":201,"column":9}},{"start":{"line":199,"column":15},"end":{"line":201,"column":9}}],"line":197},"10":{"loc":{"start":{"line":203,"column":6},"end":{"line":206,"column":76}},"type":"if","locations":[{"start":{"line":203,"column":6},"end":{"line":206,"column":76}},{"start":{"line":205,"column":13},"end":{"line":206,"column":76}}],"line":203},"11":{"loc":{"start":{"line":205,"column":13},"end":{"line":206,"column":76}},"type":"if","locations":[{"start":{"line":205,"column":13},"end":{"line":206,"column":76}},{"start":{"line":206,"column":11},"end":{"line":206,"column":76}}],"line":205}},"s":{"0":1,"1":1,"2":1,"3":1,"4":1,"5":1,"6":1,"7":2,"8":2,"9":2,"10":2,"11":2,"12":1,"13":2,"14":2,"15":1,"16":2,"17":2,"18":2,"19":2,"20":2,"21":2,"22":1,"23":1,"24":1,"25":1,"26":2,"27":2,"28":2,"29":2,"30":2,"31":2,"32":2,"33":2,"34":1,"35":1,"36":2,"37":1,"38":1,"39":1,"40":0,"41":0,"42":1,"43":0,"44":0,"45":0,"46":0,"47":0,"48":1,"49":0,"50":0,"51":0,"52":0,"53":0,"54":0,"55":0,"56":1,"57":2,"58":2,"59":2,"60":2,"61":2,"62":1,"63":1,"64":1,"65":1,"66":1,"67":1,"68":1,"69":1,"70":1,"71":1,"72":1,"73":1,"74":0,"75":2,"76":2,"77":2,"78":2,"79":2,"80":1,"81":1,"82":2,"83":1,"84":1,"85":1,"86":0,"87":0},"f":{"0":1,"1":1,"2":1,"3":2,"4":2,"5":2,"6":2,"7":2,"8":2,"9":2,"10":2,"11":1,"12":1,"13":2,"14":2,"15":2,"16":2,"17":0,"18":0,"19":0,"20":0,"21":0,"22":2,"23":2,"24":2,"25":2,"26":2,"27":1,"28":1,"29":1,"30":0,"31":2,"32":2,"33":0},"b":{"0":[2,0],"1":[1,1],"2":[1,1],"3":[1,0],"4":[0,0],"5":[0,0],"6":[0,0],"7":[1,0],"8":[1,1],"9":[1,1],"10":[1,1],"11":[1,0]},"_coverageSchema":"1a1c01bbd47fc00a2c39e90264f33305004495a9","hash":"d6f9cdb0b6b594f83a39ee449d7f1a96b3f1839c"}
,"/home/sankmy/Desktop/skyflow-node/src/vault-api/libs/SkyflowError.ts": {"path":"/home/sankmy/Desktop/skyflow-node/src/vault-api/libs/SkyflowError.ts","statementMap":{"0":{"start":{"line":15,"column":27},"end":{"line":20,"column":5}},"1":{"start":{"line":21,"column":4},"end":{"line":21,"column":38}},"2":{"start":{"line":22,"column":4},"end":{"line":26,"column":5}},"3":{"start":{"line":23,"column":6},"end":{"line":23,"column":34}},"4":{"start":{"line":25,"column":6},"end":{"line":25,"column":37}}},"fnMap":{"0":{"name":"(anonymous_0)","decl":{"start":{"line":13,"column":2},"end":{"line":13,"column":3}},"loc":{"start":{"line":14,"column":52},"end":{"line":27,"column":3}},"line":14}},"branchMap":{"0":{"loc":{"start":{"line":14,"column":18},"end":{"line":14,"column":50}},"type":"default-arg","locations":[{"start":{"line":14,"column":45},"end":{"line":14,"column":50}}],"line":14},"1":{"loc":{"start":{"line":17,"column":19},"end":{"line":19,"column":31}},"type":"cond-expr","locations":[{"start":{"line":18,"column":10},"end":{"line":18,"column":61}},{"start":{"line":19,"column":10},"end":{"line":19,"column":31}}],"line":17},"2":{"loc":{"start":{"line":17,"column":20},"end":{"line":17,"column":44}},"type":"binary-expr","locations":[{"start":{"line":17,"column":20},"end":{"line":17,"column":24}},{"start":{"line":17,"column":28},"end":{"line":17,"column":44}}],"line":17},"3":{"loc":{"start":{"line":22,"column":4},"end":{"line":26,"column":5}},"type":"if","locations":[{"start":{"line":22,"column":4},"end":{"line":26,"column":5}},{"start":{"line":24,"column":11},"end":{"line":26,"column":5}}],"line":22}},"s":{"0":17,"1":17,"2":17,"3":8,"4":9},"f":{"0":17},"b":{"0":[9],"1":[3,14],"2":[17,8],"3":[8,9]},"_coverageSchema":"1a1c01bbd47fc00a2c39e90264f33305004495a9","hash":"864b9bf397cea6e57362f7bda190016fca9c83fa"}
,"/home/sankmy/Desktop/skyflow-node/src/vault-api/utils/constants.ts": {"path":"/home/sankmy/Desktop/skyflow-node/src/vault-api/utils/constants.ts","statementMap":{"0":{"start":{"line":3,"column":27},"end":{"line":52,"column":1}}},"fnMap":{},"branchMap":{},"s":{"0":3},"f":{},"b":{},"_coverageSchema":"1a1c01bbd47fc00a2c39e90264f33305004495a9","hash":"700073af72bfb74b8e63f2c0197e6178743e7763"}
,"/home/sankmy/Desktop/skyflow-node/src/vault-api/utils/logs.ts": {"path":"/home/sankmy/Desktop/skyflow-node/src/vault-api/utils/logs.ts","statementMap":{"0":{"start":{"line":1,"column":13},"end":{"line":148,"column":1}}},"fnMap":{},"branchMap":{},"s":{"0":3},"f":{},"b":{},"_coverageSchema":"1a1c01bbd47fc00a2c39e90264f33305004495a9","hash":"f404c727a7626588f3c61dcff5be36a740a3d90f"}
,"/home/sankmy/Desktop/skyflow-node/src/vault-api/utils/common/index.ts": {"path":"/home/sankmy/Desktop/skyflow-node/src/vault-api/utils/common/index.ts","statementMap":{"0":{"start":{"line":77,"column":28},"end":{"line":82,"column":1}}},"fnMap":{},"branchMap":{},"s":{"0":3},"f":{},"b":{},"_coverageSchema":"1a1c01bbd47fc00a2c39e90264f33305004495a9","hash":"89e2722c87e6e6a19f513876b3ea95ab119d29ab"}
,"/home/sankmy/Desktop/skyflow-node/src/vault-api/utils/helpers/index.ts": {"path":"/home/sankmy/Desktop/skyflow-node/src/vault-api/utils/helpers/index.ts","statementMap":{"0":{"start":{"line":5,"column":18},"end":{"line":5,"column":21}},"1":{"start":{"line":6,"column":2},"end":{"line":10,"column":3}},"2":{"start":{"line":7,"column":4},"end":{"line":9,"column":7}},"3":{"start":{"line":8,"column":6},"end":{"line":8,"column":49}},"4":{"start":{"line":11,"column":2},"end":{"line":17,"column":3}},"5":{"start":{"line":12,"column":4},"end":{"line":12,"column":21}},"6":{"start":{"line":13,"column":4},"end":{"line":15,"column":7}},"7":{"start":{"line":14,"column":6},"end":{"line":14,"column":38}},"8":{"start":{"line":16,"column":4},"end":{"line":16,"column":61}},"9":{"start":{"line":18,"column":2},"end":{"line":18,"column":19}}},"fnMap":{"0":{"name":"fillUrlWithPathAndQueryParams","decl":{"start":{"line":2,"column":16},"end":{"line":2,"column":45}},"loc":{"start":{"line":4,"column":23},"end":{"line":19,"column":1}},"line":4},"1":{"name":"(anonymous_1)","decl":{"start":{"line":7,"column":39},"end":{"line":7,"column":40}},"loc":{"start":{"line":7,"column":57},"end":{"line":9,"column":5}},"line":7},"2":{"name":"(anonymous_2)","decl":{"start":{"line":13,"column":40},"end":{"line":13,"column":41}},"loc":{"start":{"line":13,"column":58},"end":{"line":15,"column":5}},"line":13}},"branchMap":{"0":{"loc":{"start":{"line":6,"column":2},"end":{"line":10,"column":3}},"type":"if","locations":[{"start":{"line":6,"column":2},"end":{"line":10,"column":3}},{"start":{},"end":{}}],"line":6},"1":{"loc":{"start":{"line":11,"column":2},"end":{"line":17,"column":3}},"type":"if","locations":[{"start":{"line":11,"column":2},"end":{"line":17,"column":3}},{"start":{},"end":{}}],"line":11}},"s":{"0":1,"1":1,"2":1,"3":1,"4":1,"5":1,"6":1,"7":1,"8":1,"9":1},"f":{"0":1,"1":1,"2":1},"b":{"0":[1,0],"1":[1,0]},"_coverageSchema":"1a1c01bbd47fc00a2c39e90264f33305004495a9","hash":"6646549dedae7b51cfed3d55f6cf86da0f75f08d"}
,"/home/sankmy/Desktop/skyflow-node/src/vault-api/utils/logsHelper/index.ts": {"path":"/home/sankmy/Desktop/skyflow-node/src/vault-api/utils/logsHelper/index.ts","statementMap":{"0":{"start":{"line":3,"column":31},"end":{"line":16,"column":1}},"1":{"start":{"line":18,"column":26},"end":{"line":25,"column":1}},"2":{"start":{"line":27,"column":24},"end":{"line":44,"column":1}},"3":{"start":{"line":30,"column":6},"end":{"line":30,"column":31}},"4":{"start":{"line":31,"column":2},"end":{"line":43,"column":3}},"5":{"start":{"line":33,"column":4},"end":{"line":33,"column":25}},"6":{"start":{"line":34,"column":9},"end":{"line":43,"column":3}},"7":{"start":{"line":36,"column":4},"end":{"line":36,"column":25}},"8":{"start":{"line":37,"column":9},"end":{"line":43,"column":3}},"9":{"start":{"line":39,"column":4},"end":{"line":39,"column":26}},"10":{"start":{"line":40,"column":9},"end":{"line":43,"column":3}},"11":{"start":{"line":42,"column":4},"end":{"line":42,"column":27}},"12":{"start":{"line":46,"column":35},"end":{"line":54,"column":1}},"13":{"start":{"line":47,"column":14},"end":{"line":47,"column":21}},"14":{"start":{"line":48,"column":17},"end":{"line":48,"column":57}},"15":{"start":{"line":48,"column":45},"end":{"line":48,"column":56}},"16":{"start":{"line":49,"column":2},"end":{"line":49,"column":22}},"17":{"start":{"line":49,"column":12},"end":{"line":49,"column":22}},"18":{"start":{"line":50,"column":2},"end":{"line":53,"column":5}},"19":{"start":{"line":51,"column":26},"end":{"line":51,"column":58}},"20":{"start":{"line":52,"column":4},"end":{"line":52,"column":33}},"21":{"start":{"line":56,"column":30},"end":{"line":56,"column":71}},"22":{"start":{"line":56,"column":47},"end":{"line":56,"column":71}}},"fnMap":{"0":{"name":"(anonymous_0)","decl":{"start":{"line":27,"column":24},"end":{"line":27,"column":25}},"loc":{"start":{"line":27,"column":89},"end":{"line":44,"column":1}},"line":27},"1":{"name":"(anonymous_1)","decl":{"start":{"line":46,"column":35},"end":{"line":46,"column":36}},"loc":{"start":{"line":46,"column":55},"end":{"line":54,"column":1}},"line":46},"2":{"name":"(anonymous_2)","decl":{"start":{"line":48,"column":29},"end":{"line":48,"column":30}},"loc":{"start":{"line":48,"column":45},"end":{"line":48,"column":56}},"line":48},"3":{"name":"(anonymous_3)","decl":{"start":{"line":50,"column":34},"end":{"line":50,"column":35}},"loc":{"start":{"line":50,"column":55},"end":{"line":53,"column":3}},"line":50},"4":{"name":"(anonymous_4)","decl":{"start":{"line":56,"column":30},"end":{"line":56,"column":31}},"loc":{"start":{"line":56,"column":47},"end":{"line":56,"column":71}},"line":56}},"branchMap":{"0":{"loc":{"start":{"line":31,"column":2},"end":{"line":43,"column":3}},"type":"if","locations":[{"start":{"line":31,"column":2},"end":{"line":43,"column":3}},{"start":{"line":34,"column":9},"end":{"line":43,"column":3}}],"line":31},"1":{"loc":{"start":{"line":31,"column":6},"end":{"line":31,"column":54}},"type":"binary-expr","locations":[{"start":{"line":31,"column":6},"end":{"line":31,"column":37}},{"start":{"line":31,"column":41},"end":{"line":31,"column":54}}],"line":31},"2":{"loc":{"start":{"line":34,"column":9},"end":{"line":43,"column":3}},"type":"if","locations":[{"start":{"line":34,"column":9},"end":{"line":43,"column":3}},{"start":{"line":37,"column":9},"end":{"line":43,"column":3}}],"line":34},"3":{"loc":{"start":{"line":34,"column":13},"end":{"line":34,"column":60}},"type":"binary-expr","locations":[{"start":{"line":34,"column":13},"end":{"line":34,"column":44}},{"start":{"line":34,"column":48},"end":{"line":34,"column":60}}],"line":34},"4":{"loc":{"start":{"line":37,"column":9},"end":{"line":43,"column":3}},"type":"if","locations":[{"start":{"line":37,"column":9},"end":{"line":43,"column":3}},{"start":{"line":40,"column":9},"end":{"line":43,"column":3}}],"line":37},"5":{"loc":{"start":{"line":37,"column":13},"end":{"line":37,"column":61}},"type":"binary-expr","locations":[{"start":{"line":37,"column":13},"end":{"line":37,"column":45}},{"start":{"line":37,"column":49},"end":{"line":37,"column":61}}],"line":37},"6":{"loc":{"start":{"line":40,"column":9},"end":{"line":43,"column":3}},"type":"if","locations":[{"start":{"line":40,"column":9},"end":{"line":43,"column":3}},{"start":{},"end":{}}],"line":40},"7":{"loc":{"start":{"line":40,"column":13},"end":{"line":40,"column":63}},"type":"binary-expr","locations":[{"start":{"line":40,"column":13},"end":{"line":40,"column":46}},{"start":{"line":40,"column":50},"end":{"line":40,"column":63}}],"line":40},"8":{"loc":{"start":{"line":49,"column":2},"end":{"line":49,"column":22}},"type":"if","locations":[{"start":{"line":49,"column":2},"end":{"line":49,"column":22}},{"start":{},"end":{}}],"line":49}},"s":{"0":3,"1":3,"2":3,"3":194,"4":194,"5":0,"6":194,"7":0,"8":194,"9":0,"10":194,"11":18,"12":3,"13":11,"14":11,"15":22,"16":11,"17":0,"18":11,"19":11,"20":11,"21":3,"22":0},"f":{"0":194,"1":11,"2":22,"3":11,"4":0},"b":{"0":[0,194],"1":[194,176],"2":[0,194],"3":[194,176],"4":[0,194],"5":[194,0],"6":[18,176],"7":[194,18],"8":[0,11]},"_coverageSchema":"1a1c01bbd47fc00a2c39e90264f33305004495a9","hash":"88eea20bf843d88de6f7f7bdf4b9197f2ad9ddcb"}
,"/home/sankmy/Desktop/skyflow-node/src/vault-api/utils/validators/index.ts": {"path":"/home/sankmy/Desktop/skyflow-node/src/vault-api/utils/validators/index.ts","statementMap":{"0":{"start":{"line":8,"column":37},"end":{"line":24,"column":1}},"1":{"start":{"line":9,"column":2},"end":{"line":11,"column":3}},"2":{"start":{"line":10,"column":4},"end":{"line":10,"column":79}},"3":{"start":{"line":12,"column":22},"end":{"line":12,"column":31}},"4":{"start":{"line":13,"column":2},"end":{"line":15,"column":3}},"5":{"start":{"line":14,"column":4},"end":{"line":14,"column":71}},"6":{"start":{"line":16,"column":2},"end":{"line":23,"column":5}},"7":{"start":{"line":17,"column":4},"end":{"line":19,"column":5}},"8":{"start":{"line":18,"column":6},"end":{"line":18,"column":92}},"9":{"start":{"line":20,"column":4},"end":{"line":22,"column":5}},"10":{"start":{"line":21,"column":6},"end":{"line":21,"column":81}},"11":{"start":{"line":26,"column":39},"end":{"line":43,"column":1}},"12":{"start":{"line":27,"column":2},"end":{"line":27,"column":132}},"13":{"start":{"line":27,"column":73},"end":{"line":27,"column":132}},"14":{"start":{"line":29,"column":22},"end":{"line":29,"column":37}},"15":{"start":{"line":30,"column":2},"end":{"line":30,"column":85}},"16":{"start":{"line":30,"column":28},"end":{"line":30,"column":85}},"17":{"start":{"line":31,"column":2},"end":{"line":42,"column":5}},"18":{"start":{"line":32,"column":4},"end":{"line":34,"column":5}},"19":{"start":{"line":33,"column":6},"end":{"line":33,"column":63}},"20":{"start":{"line":36,"column":24},"end":{"line":36,"column":36}},"21":{"start":{"line":37,"column":4},"end":{"line":39,"column":5}},"22":{"start":{"line":38,"column":6},"end":{"line":38,"column":63}},"23":{"start":{"line":40,"column":4},"end":{"line":40,"column":127}},"24":{"start":{"line":40,"column":65},"end":{"line":40,"column":125}},"25":{"start":{"line":45,"column":36},"end":{"line":79,"column":1}},"26":{"start":{"line":46,"column":2},"end":{"line":48,"column":3}},"27":{"start":{"line":47,"column":4},"end":{"line":47,"column":63}},"28":{"start":{"line":49,"column":22},"end":{"line":49,"column":34}},"29":{"start":{"line":50,"column":2},"end":{"line":52,"column":3}},"30":{"start":{"line":51,"column":4},"end":{"line":51,"column":61}},"31":{"start":{"line":54,"column":2},"end":{"line":78,"column":5}},"32":{"start":{"line":55,"column":4},"end":{"line":57,"column":5}},"33":{"start":{"line":56,"column":6},"end":{"line":56,"column":63}},"34":{"start":{"line":59,"column":22},"end":{"line":59,"column":32}},"35":{"start":{"line":60,"column":4},"end":{"line":62,"column":5}},"36":{"start":{"line":61,"column":6},"end":{"line":61,"column":61}},"37":{"start":{"line":63,"column":4},"end":{"line":63,"column":92}},"38":{"start":{"line":63,"column":32},"end":{"line":63,"column":92}},"39":{"start":{"line":64,"column":4},"end":{"line":66,"column":7}},"40":{"start":{"line":65,"column":6},"end":{"line":65,"column":107}},"41":{"start":{"line":65,"column":41},"end":{"line":65,"column":107}},"42":{"start":{"line":68,"column":28},"end":{"line":68,"column":44}},"43":{"start":{"line":69,"column":4},"end":{"line":69,"column":87}},"44":{"start":{"line":69,"column":26},"end":{"line":69,"column":87}},"45":{"start":{"line":70,"column":4},"end":{"line":72,"column":5}},"46":{"start":{"line":71,"column":6},"end":{"line":71,"column":72}},"47":{"start":{"line":74,"column":24},"end":{"line":74,"column":36}},"48":{"start":{"line":75,"column":4},"end":{"line":75,"column":125}},"49":{"start":{"line":75,"column":66},"end":{"line":75,"column":123}},"50":{"start":{"line":77,"column":4},"end":{"line":77,"column":137}},"51":{"start":{"line":77,"column":65},"end":{"line":77,"column":135}},"52":{"start":{"line":81,"column":26},"end":{"line":93,"column":1}},"53":{"start":{"line":82,"column":2},"end":{"line":84,"column":3}},"54":{"start":{"line":83,"column":4},"end":{"line":83,"column":17}},"55":{"start":{"line":85,"column":2},"end":{"line":90,"column":3}},"56":{"start":{"line":86,"column":20},"end":{"line":86,"column":32}},"57":{"start":{"line":87,"column":4},"end":{"line":87,"column":29}},"58":{"start":{"line":87,"column":17},"end":{"line":87,"column":29}},"59":{"start":{"line":89,"column":4},"end":{"line":89,"column":17}},"60":{"start":{"line":92,"column":2},"end":{"line":92,"column":14}},"61":{"start":{"line":95,"column":37},"end":{"line":112,"column":1}},"62":{"start":{"line":96,"column":2},"end":{"line":98,"column":3}},"63":{"start":{"line":97,"column":4},"end":{"line":97,"column":67}},"64":{"start":{"line":99,"column":2},"end":{"line":101,"column":3}},"65":{"start":{"line":100,"column":4},"end":{"line":100,"column":72}},"66":{"start":{"line":102,"column":2},"end":{"line":104,"column":3}},"67":{"start":{"line":103,"column":4},"end":{"line":103,"column":67}},"68":{"start":{"line":106,"column":2},"end":{"line":108,"column":3}},"69":{"start":{"line":107,"column":4},"end":{"line":107,"column":70}},"70":{"start":{"line":109,"column":2},"end":{"line":111,"column":3}},"71":{"start":{"line":110,"column":4},"end":{"line":110,"column":72}}},"fnMap":{"0":{"name":"(anonymous_0)","decl":{"start":{"line":8,"column":37},"end":{"line":8,"column":38}},"loc":{"start":{"line":8,"column":72},"end":{"line":24,"column":1}},"line":8},"1":{"name":"(anonymous_1)","decl":{"start":{"line":16,"column":18},"end":{"line":16,"column":19}},"loc":{"start":{"line":16,"column":37},"end":{"line":23,"column":3}},"line":16},"2":{"name":"(anonymous_2)","decl":{"start":{"line":26,"column":39},"end":{"line":26,"column":40}},"loc":{"start":{"line":26,"column":78},"end":{"line":43,"column":1}},"line":26},"3":{"name":"(anonymous_3)","decl":{"start":{"line":31,"column":18},"end":{"line":31,"column":19}},"loc":{"start":{"line":31,"column":30},"end":{"line":42,"column":3}},"line":31},"4":{"name":"(anonymous_4)","decl":{"start":{"line":45,"column":36},"end":{"line":45,"column":37}},"loc":{"start":{"line":45,"column":69},"end":{"line":79,"column":1}},"line":45},"5":{"name":"(anonymous_5)","decl":{"start":{"line":54,"column":18},"end":{"line":54,"column":19}},"loc":{"start":{"line":54,"column":30},"end":{"line":78,"column":3}},"line":54},"6":{"name":"(anonymous_6)","decl":{"start":{"line":64,"column":22},"end":{"line":64,"column":23}},"loc":{"start":{"line":64,"column":37},"end":{"line":66,"column":5}},"line":64},"7":{"name":"(anonymous_7)","decl":{"start":{"line":81,"column":26},"end":{"line":81,"column":27}},"loc":{"start":{"line":81,"column":43},"end":{"line":93,"column":1}},"line":81},"8":{"name":"(anonymous_8)","decl":{"start":{"line":95,"column":37},"end":{"line":95,"column":38}},"loc":{"start":{"line":95,"column":65},"end":{"line":112,"column":1}},"line":95}},"branchMap":{"0":{"loc":{"start":{"line":9,"column":2},"end":{"line":11,"column":3}},"type":"if","locations":[{"start":{"line":9,"column":2},"end":{"line":11,"column":3}},{"start":{},"end":{}}],"line":9},"1":{"loc":{"start":{"line":13,"column":2},"end":{"line":15,"column":3}},"type":"if","locations":[{"start":{"line":13,"column":2},"end":{"line":15,"column":3}},{"start":{},"end":{}}],"line":13},"2":{"loc":{"start":{"line":17,"column":4},"end":{"line":19,"column":5}},"type":"if","locations":[{"start":{"line":17,"column":4},"end":{"line":19,"column":5}},{"start":{},"end":{}}],"line":17},"3":{"loc":{"start":{"line":17,"column":10},"end":{"line":17,"column":49}},"type":"binary-expr","locations":[{"start":{"line":17,"column":10},"end":{"line":17,"column":27}},{"start":{"line":17,"column":31},"end":{"line":17,"column":49}}],"line":17},"4":{"loc":{"start":{"line":20,"column":4},"end":{"line":22,"column":5}},"type":"if","locations":[{"start":{"line":20,"column":4},"end":{"line":22,"column":5}},{"start":{},"end":{}}],"line":20},"5":{"loc":{"start":{"line":27,"column":2},"end":{"line":27,"column":132}},"type":"if","locations":[{"start":{"line":27,"column":2},"end":{"line":27,"column":132}},{"start":{},"end":{}}],"line":27},"6":{"loc":{"start":{"line":30,"column":2},"end":{"line":30,"column":85}},"type":"if","locations":[{"start":{"line":30,"column":2},"end":{"line":30,"column":85}},{"start":{},"end":{}}],"line":30},"7":{"loc":{"start":{"line":32,"column":4},"end":{"line":34,"column":5}},"type":"if","locations":[{"start":{"line":32,"column":4},"end":{"line":34,"column":5}},{"start":{},"end":{}}],"line":32},"8":{"loc":{"start":{"line":37,"column":4},"end":{"line":39,"column":5}},"type":"if","locations":[{"start":{"line":37,"column":4},"end":{"line":39,"column":5}},{"start":{},"end":{}}],"line":37},"9":{"loc":{"start":{"line":40,"column":4},"end":{"line":40,"column":127}},"type":"if","locations":[{"start":{"line":40,"column":4},"end":{"line":40,"column":127}},{"start":{},"end":{}}],"line":40},"10":{"loc":{"start":{"line":40,"column":8},"end":{"line":40,"column":61}},"type":"binary-expr","locations":[{"start":{"line":40,"column":8},"end":{"line":40,"column":26}},{"start":{"line":40,"column":30},"end":{"line":40,"column":61}}],"line":40},"11":{"loc":{"start":{"line":46,"column":2},"end":{"line":48,"column":3}},"type":"if","locations":[{"start":{"line":46,"column":2},"end":{"line":48,"column":3}},{"start":{},"end":{}}],"line":46},"12":{"loc":{"start":{"line":50,"column":2},"end":{"line":52,"column":3}},"type":"if","locations":[{"start":{"line":50,"column":2},"end":{"line":52,"column":3}},{"start":{},"end":{}}],"line":50},"13":{"loc":{"start":{"line":55,"column":4},"end":{"line":57,"column":5}},"type":"if","locations":[{"start":{"line":55,"column":4},"end":{"line":57,"column":5}},{"start":{},"end":{}}],"line":55},"14":{"loc":{"start":{"line":60,"column":4},"end":{"line":62,"column":5}},"type":"if","locations":[{"start":{"line":60,"column":4},"end":{"line":62,"column":5}},{"start":{},"end":{}}],"line":60},"15":{"loc":{"start":{"line":63,"column":4},"end":{"line":63,"column":92}},"type":"if","locations":[{"start":{"line":63,"column":4},"end":{"line":63,"column":92}},{"start":{},"end":{}}],"line":63},"16":{"loc":{"start":{"line":65,"column":6},"end":{"line":65,"column":107}},"type":"if","locations":[{"start":{"line":65,"column":6},"end":{"line":65,"column":107}},{"start":{},"end":{}}],"line":65},"17":{"loc":{"start":{"line":69,"column":4},"end":{"line":69,"column":87}},"type":"if","locations":[{"start":{"line":69,"column":4},"end":{"line":69,"column":87}},{"start":{},"end":{}}],"line":69},"18":{"loc":{"start":{"line":70,"column":4},"end":{"line":72,"column":5}},"type":"if","locations":[{"start":{"line":70,"column":4},"end":{"line":72,"column":5}},{"start":{},"end":{}}],"line":70},"19":{"loc":{"start":{"line":75,"column":4},"end":{"line":75,"column":125}},"type":"if","locations":[{"start":{"line":75,"column":4},"end":{"line":75,"column":125}},{"start":{},"end":{}}],"line":75},"20":{"loc":{"start":{"line":77,"column":4},"end":{"line":77,"column":137}},"type":"if","locations":[{"start":{"line":77,"column":4},"end":{"line":77,"column":137}},{"start":{},"end":{}}],"line":77},"21":{"loc":{"start":{"line":77,"column":8},"end":{"line":77,"column":61}},"type":"binary-expr","locations":[{"start":{"line":77,"column":8},"end":{"line":77,"column":26}},{"start":{"line":77,"column":30},"end":{"line":77,"column":61}}],"line":77},"22":{"loc":{"start":{"line":82,"column":2},"end":{"line":84,"column":3}},"type":"if","locations":[{"start":{"line":82,"column":2},"end":{"line":84,"column":3}},{"start":{},"end":{}}],"line":82},"23":{"loc":{"start":{"line":87,"column":4},"end":{"line":87,"column":29}},"type":"if","locations":[{"start":{"line":87,"column":4},"end":{"line":87,"column":29}},{"start":{},"end":{}}],"line":87},"24":{"loc":{"start":{"line":96,"column":2},"end":{"line":98,"column":3}},"type":"if","locations":[{"start":{"line":96,"column":2},"end":{"line":98,"column":3}},{"start":{},"end":{}}],"line":96},"25":{"loc":{"start":{"line":99,"column":2},"end":{"line":101,"column":3}},"type":"if","locations":[{"start":{"line":99,"column":2},"end":{"line":101,"column":3}},{"start":{},"end":{}}],"line":99},"26":{"loc":{"start":{"line":102,"column":2},"end":{"line":104,"column":3}},"type":"if","locations":[{"start":{"line":102,"column":2},"end":{"line":104,"column":3}},{"start":{},"end":{}}],"line":102},"27":{"loc":{"start":{"line":106,"column":2},"end":{"line":108,"column":3}},"type":"if","locations":[{"start":{"line":106,"column":2},"end":{"line":108,"column":3}},{"start":{},"end":{}}],"line":106},"28":{"loc":{"start":{"line":109,"column":2},"end":{"line":111,"column":3}},"type":"if","locations":[{"start":{"line":109,"column":2},"end":{"line":111,"column":3}},{"start":{},"end":{}}],"line":109}},"s":{"0":1,"1":9,"2":1,"3":8,"4":8,"5":2,"6":6,"7":6,"8":2,"9":4,"10":1,"11":1,"12":5,"13":2,"14":3,"15":3,"16":1,"17":2,"18":2,"19":0,"20":2,"21":2,"22":0,"23":2,"24":0,"25":1,"26":6,"27":1,"28":5,"29":5,"30":1,"31":4,"32":4,"33":2,"34":2,"35":2,"36":0,"37":2,"38":0,"39":2,"40":2,"41":0,"42":2,"43":2,"44":0,"45":2,"46":0,"47":2,"48":2,"49":0,"50":2,"51":0,"52":1,"53":33,"54":2,"55":31,"56":31,"57":31,"58":31,"59":0,"60":0,"61":1,"62":3,"63":0,"64":3,"65":0,"66":3,"67":2,"68":1,"69":0,"70":1,"71":0},"f":{"0":9,"1":6,"2":5,"3":2,"4":6,"5":4,"6":2,"7":33,"8":3},"b":{"0":[1,8],"1":[2,6],"2":[2,4],"3":[6,5],"4":[1,3],"5":[2,3],"6":[1,2],"7":[0,2],"8":[0,2],"9":[0,2],"10":[2,2],"11":[1,5],"12":[1,4],"13":[2,2],"14":[0,2],"15":[0,2],"16":[0,2],"17":[0,2],"18":[0,2],"19":[0,2],"20":[0,2],"21":[2,2],"22":[2,31],"23":[31,0],"24":[0,3],"25":[0,3],"26":[2,1],"27":[0,1],"28":[0,1]},"_coverageSchema":"1a1c01bbd47fc00a2c39e90264f33305004495a9","hash":"67a91d0fe69e98a426d26365fef06f7879722d6a"}
}
