TN:
SF:src/errors/Messages.js
FNF:0
FNH:0
DA:1,1
LF:1
LH:1
BRF:0
BRH:0
end_of_record
TN:
SF:src/service-account/util/Token.js
FN:6,GenerateToken
FN:7,(anonymous_1)
FN:59,(anonymous_2)
FN:65,(anonymous_3)
FNF:4
FNH:2
FNDA:1,GenerateToken
FNDA:1,(anonymous_1)
FNDA:0,(anonymous_2)
FNDA:0,(anonymous_3)
DA:7,1
DA:10,1
DA:11,0
DA:13,1
DA:15,1
DA:16,1
DA:18,0
DA:21,1
DA:23,1
DA:25,1
DA:33,1
DA:34,1
DA:36,1
DA:37,1
DA:39,1
DA:40,1
DA:43,1
DA:44,1
DA:47,1
DA:49,0
DA:51,0
DA:60,0
DA:66,0
LF:23
LH:17
BRDA:10,0,0,0
BRDA:10,0,1,1
BRDA:33,1,0,1
BRDA:33,1,1,0
BRDA:36,2,0,1
BRDA:36,2,1,0
BRDA:39,3,0,1
BRDA:39,3,1,0
BRDA:43,4,0,1
BRDA:43,4,1,0
BRF:10
BRH:5
end_of_record
TN:
SF:src/vault-api/PureJsController.ts
FN:37,(anonymous_0)
FN:44,(anonymous_1)
FN:46,(anonymous_2)
FN:54,(anonymous_3)
FN:59,(anonymous_4)
FN:77,(anonymous_5)
FN:78,(anonymous_6)
FN:86,(anonymous_7)
FN:92,(anonymous_8)
FN:107,(anonymous_9)
FN:108,(anonymous_10)
FN:119,(anonymous_11)
FN:125,(anonymous_12)
FN:145,(anonymous_13)
FN:146,(anonymous_14)
FN:156,(anonymous_15)
FN:161,(anonymous_16)
FN:181,(anonymous_17)
FN:183,(anonymous_18)
FN:185,(anonymous_19)
FN:199,(anonymous_20)
FN:208,(anonymous_21)
FN:211,(anonymous_22)
FN:217,(anonymous_23)
FN:218,(anonymous_24)
FN:219,(anonymous_25)
FN:226,(anonymous_26)
FN:228,(anonymous_27)
FN:231,(anonymous_28)
FNF:29
FNH:25
FNDA:29,(anonymous_0)
FNDA:5,(anonymous_1)
FNDA:5,(anonymous_2)
FNDA:1,(anonymous_3)
FNDA:1,(anonymous_4)
FNDA:9,(anonymous_5)
FNDA:9,(anonymous_6)
FNDA:2,(anonymous_7)
FNDA:1,(anonymous_8)
FNDA:6,(anonymous_9)
FNDA:6,(anonymous_10)
FNDA:1,(anonymous_11)
FNDA:1,(anonymous_12)
FNDA:3,(anonymous_13)
FNDA:3,(anonymous_14)
FNDA:1,(anonymous_15)
FNDA:0,(anonymous_16)
FNDA:3,(anonymous_17)
FNDA:3,(anonymous_18)
FNDA:3,(anonymous_19)
FNDA:2,(anonymous_20)
FNDA:1,(anonymous_21)
FNDA:0,(anonymous_22)
FNDA:1,(anonymous_23)
FNDA:1,(anonymous_24)
FNDA:1,(anonymous_25)
FNDA:1,(anonymous_26)
FNDA:0,(anonymous_27)
FNDA:0,(anonymous_28)
DA:38,29
DA:39,29
DA:40,29
DA:46,5
DA:47,5
DA:48,5
DA:51,5
DA:52,2
DA:55,1
DA:57,1
DA:60,1
DA:63,1
DA:67,2
DA:70,3
DA:71,3
DA:72,3
DA:78,9
DA:79,9
DA:80,9
DA:83,9
DA:85,3
DA:87,2
DA:90,2
DA:93,1
DA:95,1
DA:97,3
DA:100,6
DA:101,6
DA:102,6
DA:108,6
DA:109,6
DA:110,6
DA:113,6
DA:115,2
DA:120,1
DA:123,1
DA:126,1
DA:129,1
DA:133,2
DA:137,4
DA:138,4
DA:140,4
DA:146,3
DA:147,3
DA:148,3
DA:151,3
DA:153,1
DA:154,1
DA:155,1
DA:156,1
DA:157,1
DA:160,1
DA:162,0
DA:165,0
DA:167,1
DA:171,2
DA:172,2
DA:174,2
DA:182,3
DA:183,3
DA:185,3
DA:186,3
DA:200,2
DA:209,1
DA:212,0
DA:218,1
DA:219,1
DA:220,1
DA:226,1
DA:227,1
DA:229,0
DA:232,0
LF:72
LH:67
BRDA:70,0,0,3
BRDA:70,0,1,0
BRDA:100,1,0,6
BRDA:100,1,1,0
BRDA:137,2,0,4
BRDA:137,2,1,0
BRDA:171,3,0,2
BRDA:171,3,1,0
BRF:8
BRH:4
end_of_record
TN:
SF:src/vault-api/Skyflow.ts
FN:36,(anonymous_0)
FN:52,(anonymous_1)
FN:73,(anonymous_2)
FN:82,(anonymous_3)
FN:88,(anonymous_4)
FN:94,(anonymous_5)
FN:101,(anonymous_6)
FN:105,(anonymous_7)
FN:109,(anonymous_8)
FNF:9
FNH:9
FNDA:29,(anonymous_0)
FNDA:30,(anonymous_1)
FNDA:9,(anonymous_2)
FNDA:5,(anonymous_3)
FNDA:6,(anonymous_4)
FNDA:3,(anonymous_5)
FNDA:4,(anonymous_6)
FNDA:5,(anonymous_7)
FNDA:4,(anonymous_8)
DA:32,29
DA:37,29
DA:44,29
DA:45,29
DA:48,29
DA:53,30
DA:54,30
DA:56,30
DA:62,1
DA:64,29
DA:65,29
DA:68,29
DA:69,29
DA:70,29
DA:77,9
DA:79,9
DA:83,5
DA:85,5
DA:89,6
DA:91,6
DA:95,3
DA:98,3
DA:102,4
DA:106,5
DA:110,4
LF:25
LH:25
BRDA:44,0,0,29
BRDA:44,0,1,29
BRDA:53,1,0,30
BRDA:53,1,1,30
BRDA:56,2,0,1
BRDA:56,2,1,29
BRDA:57,3,0,30
BRDA:57,3,1,30
BRDA:57,3,2,30
BRDA:57,3,3,30
BRDA:65,4,0,0
BRDA:65,4,1,29
BRDA:75,5,0,7
BRF:13
BRH:12
end_of_record
TN:
SF:src/vault-api/client/index.ts
FN:27,(anonymous_0)
FN:32,(anonymous_1)
FN:39,(anonymous_2)
FN:43,(anonymous_3)
FN:43,(anonymous_4)
FN:55,(anonymous_5)
FN:62,(anonymous_6)
FN:66,(anonymous_7)
FN:97,(anonymous_8)
FNF:9
FNH:5
FNDA:4,(anonymous_0)
FNDA:0,(anonymous_1)
FNDA:1,(anonymous_2)
FNDA:3,(anonymous_3)
FNDA:3,(anonymous_4)
FNDA:3,(anonymous_5)
FNDA:0,(anonymous_6)
FNDA:0,(anonymous_7)
FNDA:0,(anonymous_8)
DA:28,4
DA:29,4
DA:33,0
DA:40,1
DA:43,4
DA:45,3
DA:46,3
DA:47,0
DA:48,0
DA:51,3
DA:53,3
DA:54,3
DA:55,3
DA:56,3
DA:60,3
DA:62,3
DA:63,0
DA:64,0
DA:65,0
DA:66,0
DA:67,0
DA:68,0
DA:69,0
DA:70,0
DA:72,0
DA:73,0
DA:74,0
DA:75,0
DA:79,0
DA:80,0
DA:85,0
DA:91,0
DA:92,0
DA:94,0
DA:97,3
DA:98,0
LF:36
LH:14
BRDA:46,0,0,0
BRDA:46,0,1,3
BRDA:53,1,0,3
BRDA:53,1,1,0
BRDA:68,2,0,0
BRDA:68,2,1,0
BRDA:73,3,0,0
BRDA:73,3,1,0
BRDA:73,4,0,0
BRDA:73,4,1,0
BRDA:74,5,0,0
BRDA:74,5,1,0
BRDA:79,6,0,0
BRDA:79,6,1,0
BRDA:91,7,0,0
BRDA:91,7,1,0
BRF:16
BRH:2
end_of_record
TN:
SF:src/vault-api/core/collect.ts
FN:7,(anonymous_0)
FN:13,(anonymous_1)
FN:28,(anonymous_2)
FN:40,(anonymous_3)
FN:48,(anonymous_4)
FN:61,(anonymous_5)
FN:65,(anonymous_6)
FNF:7
FNH:7
FNDA:3,(anonymous_0)
FNDA:1,(anonymous_1)
FNDA:2,(anonymous_2)
FNDA:2,(anonymous_3)
FNDA:2,(anonymous_4)
FNDA:2,(anonymous_5)
FNDA:1,(anonymous_6)
DA:7,1
DA:11,3
DA:12,3
DA:13,1
DA:14,1
DA:20,1
DA:28,2
DA:29,2
DA:37,3
DA:40,1
DA:45,2
DA:46,1
DA:49,2
DA:50,1
DA:51,1
DA:52,1
DA:60,1
DA:61,2
DA:64,1
DA:65,1
LF:20
LH:20
BRDA:9,0,0,0
BRDA:12,1,0,1
BRDA:12,1,1,2
BRDA:45,2,0,1
BRDA:45,2,1,1
BRDA:49,3,0,1
BRDA:49,3,1,1
BRF:7
BRH:6
end_of_record
TN:
SF:src/vault-api/core/reveal.ts
FN:17,(anonymous_0)
FN:19,(anonymous_1)
FN:22,(anonymous_2)
FN:30,(anonymous_3)
FN:37,(anonymous_4)
FN:53,(anonymous_5)
FN:77,(anonymous_6)
FN:80,(anonymous_7)
FN:81,(anonymous_8)
FN:83,(anonymous_9)
FN:83,(anonymous_10)
FN:87,(anonymous_11)
FN:91,(anonymous_12)
FN:96,(anonymous_13)
FN:102,(anonymous_14)
FN:105,(anonymous_15)
FN:107,(anonymous_16)
FN:121,(anonymous_17)
FN:125,(anonymous_18)
FN:128,(anonymous_19)
FN:135,(anonymous_20)
FN:137,(anonymous_21)
FN:147,(anonymous_22)
FN:150,(anonymous_23)
FN:152,(anonymous_24)
FN:154,(anonymous_25)
FN:154,(anonymous_26)
FN:157,(anonymous_27)
FN:160,(anonymous_28)
FN:174,(anonymous_29)
FN:188,(anonymous_30)
FN:193,(anonymous_31)
FN:196,(anonymous_32)
FN:208,(anonymous_33)
FNF:34
FNH:27
FNDA:1,(anonymous_0)
FNDA:1,(anonymous_1)
FNDA:1,(anonymous_2)
FNDA:2,(anonymous_3)
FNDA:2,(anonymous_4)
FNDA:2,(anonymous_5)
FNDA:2,(anonymous_6)
FNDA:2,(anonymous_7)
FNDA:2,(anonymous_8)
FNDA:2,(anonymous_9)
FNDA:2,(anonymous_10)
FNDA:1,(anonymous_11)
FNDA:1,(anonymous_12)
FNDA:2,(anonymous_13)
FNDA:2,(anonymous_14)
FNDA:2,(anonymous_15)
FNDA:2,(anonymous_16)
FNDA:0,(anonymous_17)
FNDA:0,(anonymous_18)
FNDA:0,(anonymous_19)
FNDA:0,(anonymous_20)
FNDA:0,(anonymous_21)
FNDA:2,(anonymous_22)
FNDA:2,(anonymous_23)
FNDA:2,(anonymous_24)
FNDA:2,(anonymous_25)
FNDA:2,(anonymous_26)
FNDA:1,(anonymous_27)
FNDA:1,(anonymous_28)
FNDA:1,(anonymous_29)
FNDA:0,(anonymous_30)
FNDA:2,(anonymous_31)
FNDA:2,(anonymous_32)
FNDA:0,(anonymous_33)
DA:17,1
DA:18,1
DA:19,1
DA:22,1
DA:30,1
DA:35,2
DA:37,2
DA:38,2
DA:41,2
DA:43,2
DA:53,1
DA:58,2
DA:59,2
DA:77,1
DA:80,2
DA:81,2
DA:82,2
DA:83,2
DA:84,2
DA:85,2
DA:88,1
DA:89,1
DA:92,1
DA:93,1
DA:97,2
DA:102,2
DA:103,2
DA:104,2
DA:105,2
DA:106,2
DA:107,2
DA:108,2
DA:109,1
DA:111,1
DA:116,2
DA:117,1
DA:118,1
DA:119,0
DA:122,0
DA:125,1
DA:126,0
DA:127,0
DA:128,0
DA:129,0
DA:132,0
DA:135,1
DA:136,0
DA:137,0
DA:140,0
DA:141,0
DA:143,0
DA:147,1
DA:150,2
DA:152,2
DA:153,2
DA:154,2
DA:155,2
DA:158,1
DA:159,1
DA:160,1
DA:161,1
DA:162,1
DA:169,1
DA:170,1
DA:172,1
DA:175,1
DA:176,1
DA:177,1
DA:185,1
DA:189,0
DA:193,2
DA:194,2
DA:195,2
DA:196,2
DA:197,2
DA:198,1
DA:200,1
DA:203,2
DA:204,1
DA:205,1
DA:206,0
DA:209,0
LF:82
LH:67
BRDA:106,0,0,2
BRDA:106,0,1,0
BRDA:108,1,0,1
BRDA:108,1,1,1
BRDA:116,2,0,1
BRDA:116,2,1,1
BRDA:118,3,0,1
BRDA:118,3,1,0
BRDA:127,4,0,0
BRDA:127,4,1,0
BRDA:136,5,0,0
BRDA:136,5,1,0
BRDA:140,6,0,0
BRDA:140,6,1,0
BRDA:176,7,0,1
BRDA:176,7,1,0
BRDA:176,8,0,1
BRDA:176,8,1,1
BRDA:197,9,0,1
BRDA:197,9,1,1
BRDA:203,10,0,1
BRDA:203,10,1,1
BRDA:205,11,0,1
BRDA:205,11,1,0
BRF:24
BRH:14
end_of_record
TN:
SF:src/vault-api/libs/SkyflowError.ts
FN:13,(anonymous_0)
FNF:1
FNH:1
FNDA:17,(anonymous_0)
DA:15,17
DA:21,17
DA:22,17
DA:23,8
DA:25,9
LF:5
LH:5
BRDA:14,0,0,9
BRDA:17,1,0,3
BRDA:17,1,1,14
BRDA:17,2,0,17
BRDA:17,2,1,8
BRDA:22,3,0,8
BRDA:22,3,1,9
BRF:7
BRH:7
end_of_record
TN:
SF:src/vault-api/utils/constants.ts
FNF:0
FNH:0
DA:3,3
LF:1
LH:1
BRF:0
BRH:0
end_of_record
TN:
SF:src/vault-api/utils/logs.ts
FNF:0
FNH:0
DA:1,3
LF:1
LH:1
BRF:0
BRH:0
end_of_record
TN:
SF:src/vault-api/utils/common/index.ts
FNF:0
FNH:0
DA:77,3
LF:1
LH:1
BRF:0
BRH:0
end_of_record
TN:
SF:src/vault-api/utils/helpers/index.ts
FN:2,fillUrlWithPathAndQueryParams
FN:7,(anonymous_1)
FN:13,(anonymous_2)
FNF:3
FNH:3
FNDA:1,fillUrlWithPathAndQueryParams
FNDA:1,(anonymous_1)
FNDA:1,(anonymous_2)
DA:5,1
DA:6,1
DA:7,1
DA:8,1
DA:11,1
DA:12,1
DA:13,1
DA:14,1
DA:16,1
DA:18,1
LF:10
LH:10
BRDA:6,0,0,1
BRDA:6,0,1,0
BRDA:11,1,0,1
BRDA:11,1,1,0
BRF:4
BRH:2
end_of_record
TN:
SF:src/vault-api/utils/logsHelper/index.ts
FN:27,(anonymous_0)
FN:46,(anonymous_1)
FN:48,(anonymous_2)
FN:50,(anonymous_3)
FN:56,(anonymous_4)
FNF:5
FNH:4
FNDA:194,(anonymous_0)
FNDA:11,(anonymous_1)
FNDA:22,(anonymous_2)
FNDA:11,(anonymous_3)
FNDA:0,(anonymous_4)
DA:3,3
DA:18,3
DA:27,3
DA:30,194
DA:31,194
DA:33,0
DA:34,194
DA:36,0
DA:37,194
DA:39,0
DA:40,194
DA:42,18
DA:46,3
DA:47,11
DA:48,22
DA:49,11
DA:50,11
DA:51,11
DA:52,11
DA:56,3
LF:20
LH:17
BRDA:31,0,0,0
BRDA:31,0,1,194
BRDA:31,1,0,194
BRDA:31,1,1,176
BRDA:34,2,0,0
BRDA:34,2,1,194
BRDA:34,3,0,194
BRDA:34,3,1,176
BRDA:37,4,0,0
BRDA:37,4,1,194
BRDA:37,5,0,194
BRDA:37,5,1,0
BRDA:40,6,0,18
BRDA:40,6,1,176
BRDA:40,7,0,194
BRDA:40,7,1,18
BRDA:49,8,0,0
BRDA:49,8,1,11
BRF:18
BRH:13
end_of_record
TN:
SF:src/vault-api/utils/validators/index.ts
FN:8,(anonymous_0)
FN:16,(anonymous_1)
FN:26,(anonymous_2)
FN:31,(anonymous_3)
FN:45,(anonymous_4)
FN:54,(anonymous_5)
FN:64,(anonymous_6)
FN:81,(anonymous_7)
FN:95,(anonymous_8)
FNF:9
FNH:9
FNDA:9,(anonymous_0)
FNDA:6,(anonymous_1)
FNDA:5,(anonymous_2)
FNDA:2,(anonymous_3)
FNDA:6,(anonymous_4)
FNDA:4,(anonymous_5)
FNDA:2,(anonymous_6)
FNDA:33,(anonymous_7)
FNDA:3,(anonymous_8)
DA:8,1
DA:9,9
DA:10,1
DA:12,8
DA:13,8
DA:14,2
DA:16,6
DA:17,6
DA:18,2
DA:20,4
DA:21,1
DA:26,1
DA:27,5
DA:29,3
DA:30,3
DA:31,2
DA:32,2
DA:33,0
DA:36,2
DA:37,2
DA:38,0
DA:40,2
DA:45,1
DA:46,6
DA:47,1
DA:49,5
DA:50,5
DA:51,1
DA:54,4
DA:55,4
DA:56,2
DA:59,2
DA:60,2
DA:61,0
DA:63,2
DA:64,2
DA:65,2
DA:68,2
DA:69,2
DA:70,2
DA:71,0
DA:74,2
DA:75,2
DA:77,2
DA:81,1
DA:82,33
DA:83,2
DA:85,31
DA:86,31
DA:87,31
DA:89,0
DA:92,0
DA:95,1
DA:96,3
DA:97,0
DA:99,3
DA:100,0
DA:102,3
DA:103,2
DA:106,1
DA:107,0
DA:109,1
DA:110,0
LF:63
LH:53
BRDA:9,0,0,1
BRDA:9,0,1,8
BRDA:13,1,0,2
BRDA:13,1,1,6
BRDA:17,2,0,2
BRDA:17,2,1,4
BRDA:17,3,0,6
BRDA:17,3,1,5
BRDA:20,4,0,1
BRDA:20,4,1,3
BRDA:27,5,0,2
BRDA:27,5,1,3
BRDA:30,6,0,1
BRDA:30,6,1,2
BRDA:32,7,0,0
BRDA:32,7,1,2
BRDA:37,8,0,0
BRDA:37,8,1,2
BRDA:40,9,0,0
BRDA:40,9,1,2
BRDA:40,10,0,2
BRDA:40,10,1,2
BRDA:46,11,0,1
BRDA:46,11,1,5
BRDA:50,12,0,1
BRDA:50,12,1,4
BRDA:55,13,0,2
BRDA:55,13,1,2
BRDA:60,14,0,0
BRDA:60,14,1,2
BRDA:63,15,0,0
BRDA:63,15,1,2
BRDA:65,16,0,0
BRDA:65,16,1,2
BRDA:69,17,0,0
BRDA:69,17,1,2
BRDA:70,18,0,0
BRDA:70,18,1,2
BRDA:75,19,0,0
BRDA:75,19,1,2
BRDA:77,20,0,0
BRDA:77,20,1,2
BRDA:77,21,0,2
BRDA:77,21,1,2
BRDA:82,22,0,2
BRDA:82,22,1,31
BRDA:87,23,0,31
BRDA:87,23,1,0
BRDA:96,24,0,0
BRDA:96,24,1,3
BRDA:99,25,0,0
BRDA:99,25,1,3
BRDA:102,26,0,2
BRDA:102,26,1,1
BRDA:106,27,0,0
BRDA:106,27,1,1
BRDA:109,28,0,0
BRDA:109,28,1,1
BRF:58
BRH:43
end_of_record
